{
"/Users/techdojo/Projects/reactframework/app/components/App.jsx":{"path":"/Users/techdojo/Projects/reactframework/app/components/App.jsx","s":{"1":1,"2":1,"3":1,"4":1,"5":1,"6":1,"7":1,"8":1,"9":1,"10":1,"11":1,"12":1,"13":1,"14":1,"15":1,"16":1,"17":1,"18":1,"19":1,"20":1,"21":1,"22":1,"23":1,"24":1,"25":1,"26":1,"27":1,"28":1,"29":1,"30":1,"31":1,"32":14,"33":1,"34":1,"35":0,"36":1,"37":0,"38":0,"39":1,"40":0},"b":{"1":[10,4],"2":[14,14],"3":[0,1],"4":[0,0]},"f":{"1":14,"2":0,"3":0},"fnMap":{"1":{"name":"_interopRequireDefault","line":65,"loc":{"start":{"line":65,"column":0},"end":{"line":65,"column":37}}},"2":{"name":"requireAuth","line":72,"loc":{"start":{"line":72,"column":0},"end":{"line":72,"column":46}}},"3":{"name":"(anonymous_3)","line":76,"loc":{"start":{"line":76,"column":18},"end":{"line":76,"column":35}}}},"statementMap":{"1":{"start":{"line":3,"column":0},"end":{"line":5,"column":3}},"2":{"start":{"line":7,"column":0},"end":{"line":7,"column":30}},"3":{"start":{"line":9,"column":0},"end":{"line":9,"column":45}},"4":{"start":{"line":11,"column":0},"end":{"line":11,"column":72}},"5":{"start":{"line":13,"column":0},"end":{"line":13,"column":75}},"6":{"start":{"line":15,"column":0},"end":{"line":15,"column":70}},"7":{"start":{"line":17,"column":0},"end":{"line":17,"column":73}},"8":{"start":{"line":19,"column":0},"end":{"line":19,"column":43}},"9":{"start":{"line":21,"column":0},"end":{"line":21,"column":47}},"10":{"start":{"line":23,"column":0},"end":{"line":23,"column":51}},"11":{"start":{"line":25,"column":0},"end":{"line":25,"column":39}},"12":{"start":{"line":27,"column":0},"end":{"line":27,"column":43}},"13":{"start":{"line":29,"column":0},"end":{"line":29,"column":61}},"14":{"start":{"line":31,"column":0},"end":{"line":31,"column":61}},"15":{"start":{"line":33,"column":0},"end":{"line":33,"column":57}},"16":{"start":{"line":35,"column":0},"end":{"line":35,"column":57}},"17":{"start":{"line":37,"column":0},"end":{"line":37,"column":59}},"18":{"start":{"line":39,"column":0},"end":{"line":39,"column":59}},"19":{"start":{"line":41,"column":0},"end":{"line":41,"column":57}},"20":{"start":{"line":43,"column":0},"end":{"line":43,"column":57}},"21":{"start":{"line":45,"column":0},"end":{"line":45,"column":62}},"22":{"start":{"line":47,"column":0},"end":{"line":47,"column":63}},"23":{"start":{"line":49,"column":0},"end":{"line":49,"column":44}},"24":{"start":{"line":51,"column":0},"end":{"line":51,"column":47}},"25":{"start":{"line":53,"column":0},"end":{"line":53,"column":44}},"26":{"start":{"line":55,"column":0},"end":{"line":55,"column":47}},"27":{"start":{"line":57,"column":0},"end":{"line":57,"column":46}},"28":{"start":{"line":59,"column":0},"end":{"line":59,"column":49}},"29":{"start":{"line":61,"column":0},"end":{"line":61,"column":62}},"30":{"start":{"line":63,"column":0},"end":{"line":63,"column":65}},"31":{"start":{"line":65,"column":0},"end":{"line":65,"column":95}},"32":{"start":{"line":65,"column":39},"end":{"line":65,"column":93}},"33":{"start":{"line":67,"column":0},"end":{"line":67,"column":12}},"34":{"start":{"line":68,"column":0},"end":{"line":70,"column":9}},"35":{"start":{"line":69,"column":2},"end":{"line":69,"column":50}},"36":{"start":{"line":72,"column":0},"end":{"line":74,"column":1}},"37":{"start":{"line":73,"column":2},"end":{"line":73,"column":115}},"38":{"start":{"line":73,"column":44},"end":{"line":73,"column":115}},"39":{"start":{"line":76,"column":0},"end":{"line":94,"column":2}},"40":{"start":{"line":77,"column":2},"end":{"line":93,"column":4}}},"branchMap":{"1":{"line":65,"type":"cond-expr","locations":[{"start":{"line":65,"column":70},"end":{"line":65,"column":73}},{"start":{"line":65,"column":76},"end":{"line":65,"column":92}}]},"2":{"line":65,"type":"binary-expr","locations":[{"start":{"line":65,"column":46},"end":{"line":65,"column":49}},{"start":{"line":65,"column":53},"end":{"line":65,"column":67}}]},"3":{"line":68,"type":"if","locations":[{"start":{"line":68,"column":0},"end":{"line":68,"column":0}},{"start":{"line":68,"column":0},"end":{"line":68,"column":0}}]},"4":{"line":73,"type":"if","locations":[{"start":{"line":73,"column":2},"end":{"line":73,"column":2}},{"start":{"line":73,"column":2},"end":{"line":73,"column":2}}]}},"l":{"3":1,"7":1,"9":1,"11":1,"13":1,"15":1,"17":1,"19":1,"21":1,"23":1,"25":1,"27":1,"29":1,"31":1,"33":1,"35":1,"37":1,"39":1,"41":1,"43":1,"45":1,"47":1,"49":1,"51":1,"53":1,"55":1,"57":1,"59":1,"61":1,"63":1,"65":14,"67":1,"68":1,"69":0,"72":1,"73":0,"76":1,"77":0}},
"/Users/techdojo/Projects/reactframework/app/components/core/Template.jsx":{"path":"/Users/techdojo/Projects/reactframework/app/components/core/Template.jsx","s":{"1":1,"2":1,"3":1,"4":1,"5":1,"6":1,"7":1,"8":1,"9":1,"10":1,"11":1,"12":1,"13":1,"14":1,"15":0,"16":1,"17":1,"18":1,"19":1,"20":1,"21":1,"22":1,"23":1,"24":3,"25":1,"26":0,"27":0,"28":1,"29":0,"30":0,"31":0,"32":1,"33":1,"34":0,"35":1,"36":1,"37":1,"38":1,"39":1,"40":1,"41":0,"42":0,"43":1,"44":0,"45":1,"46":1},"b":{"1":[1,1],"2":[1,0],"3":[1,0],"4":[0,1],"5":[2,1],"6":[3,3],"7":[0,0],"8":[0,0],"9":[0,0],"10":[0,0,0],"11":[0,1],"12":[1,0],"13":[1,1],"14":[1,0],"15":[1,0]},"f":{"1":1,"2":1,"3":1,"4":3,"5":0,"6":0,"7":1,"8":1,"9":0,"10":0},"fnMap":{"1":{"name":"(anonymous_1)","line":7,"loc":{"start":{"line":7,"column":19},"end":{"line":7,"column":31}}},"2":{"name":"defineProperties","line":7,"loc":{"start":{"line":7,"column":33},"end":{"line":7,"column":74}}},"3":{"name":"(anonymous_3)","line":7,"loc":{"start":{"line":7,"column":357},"end":{"line":7,"column":405}}},"4":{"name":"_interopRequireDefault","line":21,"loc":{"start":{"line":21,"column":0},"end":{"line":21,"column":37}}},"5":{"name":"_classCallCheck","line":23,"loc":{"start":{"line":23,"column":0},"end":{"line":23,"column":48}}},"6":{"name":"_possibleConstructorReturn","line":25,"loc":{"start":{"line":25,"column":0},"end":{"line":25,"column":48}}},"7":{"name":"_inherits","line":27,"loc":{"start":{"line":27,"column":0},"end":{"line":27,"column":41}}},"8":{"name":"(anonymous_8)","line":29,"loc":{"start":{"line":29,"column":15},"end":{"line":29,"column":43}}},"9":{"name":"Template","line":32,"loc":{"start":{"line":32,"column":2},"end":{"line":32,"column":36}}},"10":{"name":"render","line":40,"loc":{"start":{"line":40,"column":11},"end":{"line":40,"column":29}}}},"statementMap":{"1":{"start":{"line":3,"column":0},"end":{"line":5,"column":3}},"2":{"start":{"line":7,"column":0},"end":{"line":7,"column":564}},"3":{"start":{"line":7,"column":33},"end":{"line":7,"column":349}},"4":{"start":{"line":7,"column":76},"end":{"line":7,"column":347}},"5":{"start":{"line":7,"column":117},"end":{"line":7,"column":143}},"6":{"start":{"line":7,"column":144},"end":{"line":7,"column":199}},"7":{"start":{"line":7,"column":200},"end":{"line":7,"column":231}},"8":{"start":{"line":7,"column":232},"end":{"line":7,"column":286}},"9":{"start":{"line":7,"column":259},"end":{"line":7,"column":286}},"10":{"start":{"line":7,"column":287},"end":{"line":7,"column":345}},"11":{"start":{"line":7,"column":350},"end":{"line":7,"column":559}},"12":{"start":{"line":7,"column":407},"end":{"line":7,"column":475}},"13":{"start":{"line":7,"column":423},"end":{"line":7,"column":475}},"14":{"start":{"line":7,"column":476},"end":{"line":7,"column":536}},"15":{"start":{"line":7,"column":493},"end":{"line":7,"column":536}},"16":{"start":{"line":7,"column":537},"end":{"line":7,"column":556}},"17":{"start":{"line":9,"column":0},"end":{"line":9,"column":30}},"18":{"start":{"line":11,"column":0},"end":{"line":11,"column":45}},"19":{"start":{"line":13,"column":0},"end":{"line":13,"column":38}},"20":{"start":{"line":15,"column":0},"end":{"line":15,"column":47}},"21":{"start":{"line":17,"column":0},"end":{"line":17,"column":38}},"22":{"start":{"line":19,"column":0},"end":{"line":19,"column":47}},"23":{"start":{"line":21,"column":0},"end":{"line":21,"column":95}},"24":{"start":{"line":21,"column":39},"end":{"line":21,"column":93}},"25":{"start":{"line":23,"column":0},"end":{"line":23,"column":153}},"26":{"start":{"line":23,"column":50},"end":{"line":23,"column":151}},"27":{"start":{"line":23,"column":92},"end":{"line":23,"column":149}},"28":{"start":{"line":25,"column":0},"end":{"line":25,"column":240}},"29":{"start":{"line":25,"column":50},"end":{"line":25,"column":151}},"30":{"start":{"line":25,"column":63},"end":{"line":25,"column":149}},"31":{"start":{"line":25,"column":152},"end":{"line":25,"column":238}},"32":{"start":{"line":27,"column":0},"end":{"line":27,"column":494}},"33":{"start":{"line":27,"column":43},"end":{"line":27,"column":208}},"34":{"start":{"line":27,"column":106},"end":{"line":27,"column":206}},"35":{"start":{"line":27,"column":209},"end":{"line":27,"column":373}},"36":{"start":{"line":27,"column":374},"end":{"line":27,"column":492}},"37":{"start":{"line":27,"column":390},"end":{"line":27,"column":492}},"38":{"start":{"line":29,"column":0},"end":{"line":52,"column":29}},"39":{"start":{"line":30,"column":2},"end":{"line":30,"column":40}},"40":{"start":{"line":32,"column":2},"end":{"line":36,"column":3}},"41":{"start":{"line":33,"column":4},"end":{"line":33,"column":36}},"42":{"start":{"line":35,"column":4},"end":{"line":35,"column":104}},"43":{"start":{"line":38,"column":2},"end":{"line":49,"column":6}},"44":{"start":{"line":41,"column":6},"end":{"line":47,"column":8}},"45":{"start":{"line":51,"column":2},"end":{"line":51,"column":18}},"46":{"start":{"line":54,"column":0},"end":{"line":54,"column":27}}},"branchMap":{"1":{"line":7,"type":"binary-expr","locations":[{"start":{"line":7,"column":168},"end":{"line":7,"column":189}},{"start":{"line":7,"column":193},"end":{"line":7,"column":198}}]},"2":{"line":7,"type":"if","locations":[{"start":{"line":7,"column":232},"end":{"line":7,"column":232}},{"start":{"line":7,"column":232},"end":{"line":7,"column":232}}]},"3":{"line":7,"type":"if","locations":[{"start":{"line":7,"column":407},"end":{"line":7,"column":407}},{"start":{"line":7,"column":407},"end":{"line":7,"column":407}}]},"4":{"line":7,"type":"if","locations":[{"start":{"line":7,"column":476},"end":{"line":7,"column":476}},{"start":{"line":7,"column":476},"end":{"line":7,"column":476}}]},"5":{"line":21,"type":"cond-expr","locations":[{"start":{"line":21,"column":70},"end":{"line":21,"column":73}},{"start":{"line":21,"column":76},"end":{"line":21,"column":92}}]},"6":{"line":21,"type":"binary-expr","locations":[{"start":{"line":21,"column":46},"end":{"line":21,"column":49}},{"start":{"line":21,"column":53},"end":{"line":21,"column":67}}]},"7":{"line":23,"type":"if","locations":[{"start":{"line":23,"column":50},"end":{"line":23,"column":50}},{"start":{"line":23,"column":50},"end":{"line":23,"column":50}}]},"8":{"line":25,"type":"if","locations":[{"start":{"line":25,"column":50},"end":{"line":25,"column":50}},{"start":{"line":25,"column":50},"end":{"line":25,"column":50}}]},"9":{"line":25,"type":"cond-expr","locations":[{"start":{"line":25,"column":226},"end":{"line":25,"column":230}},{"start":{"line":25,"column":233},"end":{"line":25,"column":237}}]},"10":{"line":25,"type":"binary-expr","locations":[{"start":{"line":25,"column":159},"end":{"line":25,"column":163}},{"start":{"line":25,"column":168},"end":{"line":25,"column":192}},{"start":{"line":25,"column":196},"end":{"line":25,"column":222}}]},"11":{"line":27,"type":"if","locations":[{"start":{"line":27,"column":43},"end":{"line":27,"column":43}},{"start":{"line":27,"column":43},"end":{"line":27,"column":43}}]},"12":{"line":27,"type":"binary-expr","locations":[{"start":{"line":27,"column":47},"end":{"line":27,"column":79}},{"start":{"line":27,"column":83},"end":{"line":27,"column":102}}]},"13":{"line":27,"type":"binary-expr","locations":[{"start":{"line":27,"column":244},"end":{"line":27,"column":254}},{"start":{"line":27,"column":258},"end":{"line":27,"column":278}}]},"14":{"line":27,"type":"if","locations":[{"start":{"line":27,"column":374},"end":{"line":27,"column":374}},{"start":{"line":27,"column":374},"end":{"line":27,"column":374}}]},"15":{"line":27,"type":"cond-expr","locations":[{"start":{"line":27,"column":414},"end":{"line":27,"column":457}},{"start":{"line":27,"column":460},"end":{"line":27,"column":491}}]}},"l":{"3":1,"7":1,"9":1,"11":1,"13":1,"15":1,"17":1,"19":1,"21":3,"23":1,"25":1,"27":1,"29":1,"30":1,"32":1,"33":0,"35":0,"38":1,"41":0,"51":1,"54":1}},
"/Users/techdojo/Projects/reactframework/app/components/core/Header.jsx":{"path":"/Users/techdojo/Projects/reactframework/app/components/core/Header.jsx","s":{"1":1,"2":1,"3":1,"4":1,"5":5,"6":5,"7":5,"8":5,"9":5,"10":5,"11":1,"12":1,"13":1,"14":1,"15":0,"16":1,"17":1,"18":1,"19":1,"20":1,"21":1,"22":1,"23":1,"24":1,"25":1,"26":1,"27":3,"28":1,"29":0,"30":0,"31":1,"32":0,"33":0,"34":0,"35":1,"36":1,"37":0,"38":1,"39":1,"40":1,"41":1,"42":1,"43":1,"44":0,"45":0,"46":0,"47":0,"48":0,"49":0,"50":0,"51":0,"52":0,"53":0,"54":0,"55":0,"56":1,"57":0,"58":0,"59":0,"60":0,"61":0,"62":0,"63":0,"64":0,"65":0,"66":1,"67":1},"b":{"1":[5,5],"2":[5,0],"3":[1,0],"4":[0,1],"5":[0,3],"6":[3,3],"7":[0,0],"8":[0,0],"9":[0,0],"10":[0,0,0],"11":[0,1],"12":[1,0],"13":[1,1],"14":[1,0],"15":[1,0],"16":[0,0],"17":[0,0],"18":[0,0],"19":[0,0]},"f":{"1":1,"2":1,"3":1,"4":3,"5":0,"6":0,"7":1,"8":1,"9":0,"10":0,"11":0,"12":0,"13":0,"14":0},"fnMap":{"1":{"name":"(anonymous_1)","line":7,"loc":{"start":{"line":7,"column":19},"end":{"line":7,"column":31}}},"2":{"name":"defineProperties","line":7,"loc":{"start":{"line":7,"column":33},"end":{"line":7,"column":74}}},"3":{"name":"(anonymous_3)","line":7,"loc":{"start":{"line":7,"column":357},"end":{"line":7,"column":405}}},"4":{"name":"_interopRequireDefault","line":27,"loc":{"start":{"line":27,"column":0},"end":{"line":27,"column":37}}},"5":{"name":"_classCallCheck","line":29,"loc":{"start":{"line":29,"column":0},"end":{"line":29,"column":48}}},"6":{"name":"_possibleConstructorReturn","line":31,"loc":{"start":{"line":31,"column":0},"end":{"line":31,"column":48}}},"7":{"name":"_inherits","line":33,"loc":{"start":{"line":33,"column":0},"end":{"line":33,"column":41}}},"8":{"name":"(anonymous_8)","line":35,"loc":{"start":{"line":35,"column":13},"end":{"line":35,"column":41}}},"9":{"name":"Header","line":38,"loc":{"start":{"line":38,"column":2},"end":{"line":38,"column":34}}},"10":{"name":"navClick","line":58,"loc":{"start":{"line":58,"column":11},"end":{"line":58,"column":31}}},"11":{"name":"collapse","line":63,"loc":{"start":{"line":63,"column":11},"end":{"line":63,"column":39}}},"12":{"name":"updateAuth","line":68,"loc":{"start":{"line":68,"column":11},"end":{"line":68,"column":41}}},"13":{"name":"componentWillMount","line":78,"loc":{"start":{"line":78,"column":11},"end":{"line":78,"column":41}}},"14":{"name":"render","line":83,"loc":{"start":{"line":83,"column":11},"end":{"line":83,"column":29}}}},"statementMap":{"1":{"start":{"line":3,"column":0},"end":{"line":5,"column":3}},"2":{"start":{"line":7,"column":0},"end":{"line":7,"column":564}},"3":{"start":{"line":7,"column":33},"end":{"line":7,"column":349}},"4":{"start":{"line":7,"column":76},"end":{"line":7,"column":347}},"5":{"start":{"line":7,"column":117},"end":{"line":7,"column":143}},"6":{"start":{"line":7,"column":144},"end":{"line":7,"column":199}},"7":{"start":{"line":7,"column":200},"end":{"line":7,"column":231}},"8":{"start":{"line":7,"column":232},"end":{"line":7,"column":286}},"9":{"start":{"line":7,"column":259},"end":{"line":7,"column":286}},"10":{"start":{"line":7,"column":287},"end":{"line":7,"column":345}},"11":{"start":{"line":7,"column":350},"end":{"line":7,"column":559}},"12":{"start":{"line":7,"column":407},"end":{"line":7,"column":475}},"13":{"start":{"line":7,"column":423},"end":{"line":7,"column":475}},"14":{"start":{"line":7,"column":476},"end":{"line":7,"column":536}},"15":{"start":{"line":7,"column":493},"end":{"line":7,"column":536}},"16":{"start":{"line":7,"column":537},"end":{"line":7,"column":556}},"17":{"start":{"line":9,"column":0},"end":{"line":9,"column":30}},"18":{"start":{"line":11,"column":0},"end":{"line":11,"column":45}},"19":{"start":{"line":13,"column":0},"end":{"line":13,"column":43}},"20":{"start":{"line":15,"column":0},"end":{"line":15,"column":49}},"21":{"start":{"line":17,"column":0},"end":{"line":17,"column":62}},"22":{"start":{"line":19,"column":0},"end":{"line":19,"column":65}},"23":{"start":{"line":21,"column":0},"end":{"line":21,"column":63}},"24":{"start":{"line":23,"column":0},"end":{"line":23,"column":57}},"25":{"start":{"line":25,"column":0},"end":{"line":25,"column":53}},"26":{"start":{"line":27,"column":0},"end":{"line":27,"column":95}},"27":{"start":{"line":27,"column":39},"end":{"line":27,"column":93}},"28":{"start":{"line":29,"column":0},"end":{"line":29,"column":153}},"29":{"start":{"line":29,"column":50},"end":{"line":29,"column":151}},"30":{"start":{"line":29,"column":92},"end":{"line":29,"column":149}},"31":{"start":{"line":31,"column":0},"end":{"line":31,"column":240}},"32":{"start":{"line":31,"column":50},"end":{"line":31,"column":151}},"33":{"start":{"line":31,"column":63},"end":{"line":31,"column":149}},"34":{"start":{"line":31,"column":152},"end":{"line":31,"column":238}},"35":{"start":{"line":33,"column":0},"end":{"line":33,"column":494}},"36":{"start":{"line":33,"column":43},"end":{"line":33,"column":208}},"37":{"start":{"line":33,"column":106},"end":{"line":33,"column":206}},"38":{"start":{"line":33,"column":209},"end":{"line":33,"column":373}},"39":{"start":{"line":33,"column":374},"end":{"line":33,"column":492}},"40":{"start":{"line":33,"column":390},"end":{"line":33,"column":492}},"41":{"start":{"line":35,"column":0},"end":{"line":195,"column":29}},"42":{"start":{"line":36,"column":2},"end":{"line":36,"column":38}},"43":{"start":{"line":38,"column":2},"end":{"line":54,"column":3}},"44":{"start":{"line":39,"column":4},"end":{"line":39,"column":34}},"45":{"start":{"line":41,"column":4},"end":{"line":41,"column":107}},"46":{"start":{"line":43,"column":4},"end":{"line":43,"column":21}},"47":{"start":{"line":44,"column":4},"end":{"line":44,"column":63}},"48":{"start":{"line":45,"column":4},"end":{"line":45,"column":28}},"49":{"start":{"line":46,"column":4},"end":{"line":46,"column":30}},"50":{"start":{"line":47,"column":4},"end":{"line":47,"column":62}},"51":{"start":{"line":48,"column":4},"end":{"line":48,"column":66}},"52":{"start":{"line":50,"column":4},"end":{"line":50,"column":48}},"53":{"start":{"line":51,"column":4},"end":{"line":51,"column":48}},"54":{"start":{"line":52,"column":4},"end":{"line":52,"column":52}},"55":{"start":{"line":53,"column":4},"end":{"line":53,"column":17}},"56":{"start":{"line":56,"column":2},"end":{"line":192,"column":6}},"57":{"start":{"line":59,"column":6},"end":{"line":59,"column":39}},"58":{"start":{"line":64,"column":6},"end":{"line":64,"column":42}},"59":{"start":{"line":69,"column":6},"end":{"line":69,"column":44}},"60":{"start":{"line":70,"column":6},"end":{"line":70,"column":63}},"61":{"start":{"line":71,"column":6},"end":{"line":71,"column":67}},"62":{"start":{"line":72,"column":6},"end":{"line":74,"column":7}},"63":{"start":{"line":73,"column":8},"end":{"line":73,"column":48}},"64":{"start":{"line":79,"column":6},"end":{"line":79,"column":58}},"65":{"start":{"line":84,"column":6},"end":{"line":190,"column":8}},"66":{"start":{"line":194,"column":2},"end":{"line":194,"column":16}},"67":{"start":{"line":197,"column":0},"end":{"line":197,"column":25}}},"branchMap":{"1":{"line":7,"type":"binary-expr","locations":[{"start":{"line":7,"column":168},"end":{"line":7,"column":189}},{"start":{"line":7,"column":193},"end":{"line":7,"column":198}}]},"2":{"line":7,"type":"if","locations":[{"start":{"line":7,"column":232},"end":{"line":7,"column":232}},{"start":{"line":7,"column":232},"end":{"line":7,"column":232}}]},"3":{"line":7,"type":"if","locations":[{"start":{"line":7,"column":407},"end":{"line":7,"column":407}},{"start":{"line":7,"column":407},"end":{"line":7,"column":407}}]},"4":{"line":7,"type":"if","locations":[{"start":{"line":7,"column":476},"end":{"line":7,"column":476}},{"start":{"line":7,"column":476},"end":{"line":7,"column":476}}]},"5":{"line":27,"type":"cond-expr","locations":[{"start":{"line":27,"column":70},"end":{"line":27,"column":73}},{"start":{"line":27,"column":76},"end":{"line":27,"column":92}}]},"6":{"line":27,"type":"binary-expr","locations":[{"start":{"line":27,"column":46},"end":{"line":27,"column":49}},{"start":{"line":27,"column":53},"end":{"line":27,"column":67}}]},"7":{"line":29,"type":"if","locations":[{"start":{"line":29,"column":50},"end":{"line":29,"column":50}},{"start":{"line":29,"column":50},"end":{"line":29,"column":50}}]},"8":{"line":31,"type":"if","locations":[{"start":{"line":31,"column":50},"end":{"line":31,"column":50}},{"start":{"line":31,"column":50},"end":{"line":31,"column":50}}]},"9":{"line":31,"type":"cond-expr","locations":[{"start":{"line":31,"column":226},"end":{"line":31,"column":230}},{"start":{"line":31,"column":233},"end":{"line":31,"column":237}}]},"10":{"line":31,"type":"binary-expr","locations":[{"start":{"line":31,"column":159},"end":{"line":31,"column":163}},{"start":{"line":31,"column":168},"end":{"line":31,"column":192}},{"start":{"line":31,"column":196},"end":{"line":31,"column":222}}]},"11":{"line":33,"type":"if","locations":[{"start":{"line":33,"column":43},"end":{"line":33,"column":43}},{"start":{"line":33,"column":43},"end":{"line":33,"column":43}}]},"12":{"line":33,"type":"binary-expr","locations":[{"start":{"line":33,"column":47},"end":{"line":33,"column":79}},{"start":{"line":33,"column":83},"end":{"line":33,"column":102}}]},"13":{"line":33,"type":"binary-expr","locations":[{"start":{"line":33,"column":244},"end":{"line":33,"column":254}},{"start":{"line":33,"column":258},"end":{"line":33,"column":278}}]},"14":{"line":33,"type":"if","locations":[{"start":{"line":33,"column":374},"end":{"line":33,"column":374}},{"start":{"line":33,"column":374},"end":{"line":33,"column":374}}]},"15":{"line":33,"type":"cond-expr","locations":[{"start":{"line":33,"column":414},"end":{"line":33,"column":457}},{"start":{"line":33,"column":460},"end":{"line":33,"column":491}}]},"16":{"line":72,"type":"if","locations":[{"start":{"line":72,"column":6},"end":{"line":72,"column":6}},{"start":{"line":72,"column":6},"end":{"line":72,"column":6}}]},"17":{"line":127,"type":"binary-expr","locations":[{"start":{"line":127,"column":14},"end":{"line":127,"column":33}},{"start":{"line":127,"column":37},"end":{"line":135,"column":15}}]},"18":{"line":146,"type":"cond-expr","locations":[{"start":{"line":146,"column":35},"end":{"line":154,"column":13}},{"start":{"line":154,"column":16},"end":{"line":178,"column":13}}]},"19":{"line":179,"type":"binary-expr","locations":[{"start":{"line":179,"column":12},"end":{"line":179,"column":32}},{"start":{"line":179,"column":36},"end":{"line":187,"column":13}}]}},"l":{"3":1,"7":5,"9":1,"11":1,"13":1,"15":1,"17":1,"19":1,"21":1,"23":1,"25":1,"27":3,"29":1,"31":1,"33":1,"35":1,"36":1,"38":1,"39":0,"41":0,"43":0,"44":0,"45":0,"46":0,"47":0,"48":0,"50":0,"51":0,"52":0,"53":0,"56":1,"59":0,"64":0,"69":0,"70":0,"71":0,"72":0,"73":0,"79":0,"84":0,"194":1,"197":1}},
"/Users/techdojo/Projects/reactframework/app/services/Authentication.js":{"path":"/Users/techdojo/Projects/reactframework/app/services/Authentication.js","s":{"1":1,"2":1,"3":1,"4":1,"5":1,"6":1,"7":1,"8":0,"9":0,"10":0,"11":0,"12":0,"13":0,"14":0,"15":0,"16":0,"17":0,"18":0,"19":0,"20":0,"21":0,"22":0,"23":0,"24":0,"25":0,"26":0,"27":0,"28":0,"29":0,"30":0,"31":0,"32":0,"33":0,"34":0,"35":0,"36":0,"37":0,"38":0,"39":0,"40":0,"41":0,"42":0},"b":{"1":[0,0],"2":[0,0],"3":[0,0],"4":[0,0],"5":[0,0],"6":[0,0],"7":[0,0],"8":[0,0],"9":[0,0],"10":[0,0],"11":[0,0]},"f":{"1":0,"2":0,"3":0,"4":0,"5":0,"6":0,"7":0,"8":0,"9":0,"10":0,"11":0,"12":0,"13":0,"14":0,"15":0},"fnMap":{"1":{"name":"signup","line":14,"loc":{"start":{"line":14,"column":10},"end":{"line":14,"column":36}}},"2":{"name":"(anonymous_2)","line":17,"loc":{"start":{"line":17,"column":40},"end":{"line":17,"column":56}}},"3":{"name":"(anonymous_3)","line":19,"loc":{"start":{"line":19,"column":49},"end":{"line":19,"column":69}}},"4":{"name":"(anonymous_4)","line":22,"loc":{"start":{"line":22,"column":13},"end":{"line":22,"column":28}}},"5":{"name":"login","line":24,"loc":{"start":{"line":24,"column":9},"end":{"line":24,"column":41}}},"6":{"name":"(anonymous_6)","line":35,"loc":{"start":{"line":35,"column":64},"end":{"line":35,"column":80}}},"7":{"name":"(anonymous_7)","line":41,"loc":{"start":{"line":41,"column":13},"end":{"line":41,"column":28}}},"8":{"name":"getToken","line":46,"loc":{"start":{"line":46,"column":12},"end":{"line":46,"column":32}}},"9":{"name":"getUserId","line":49,"loc":{"start":{"line":49,"column":13},"end":{"line":49,"column":34}}},"10":{"name":"getUserName","line":53,"loc":{"start":{"line":53,"column":15},"end":{"line":53,"column":38}}},"11":{"name":"logout","line":56,"loc":{"start":{"line":56,"column":10},"end":{"line":56,"column":30}}},"12":{"name":"(anonymous_12)","line":59,"loc":{"start":{"line":59,"column":30},"end":{"line":59,"column":43}}},"13":{"name":"(anonymous_13)","line":65,"loc":{"start":{"line":65,"column":13},"end":{"line":65,"column":28}}},"14":{"name":"loggedIn","line":67,"loc":{"start":{"line":67,"column":12},"end":{"line":67,"column":32}}},"15":{"name":"onChange","line":70,"loc":{"start":{"line":70,"column":12},"end":{"line":70,"column":32}}}},"statementMap":{"1":{"start":{"line":3,"column":0},"end":{"line":3,"column":26}},"2":{"start":{"line":5,"column":0},"end":{"line":5,"column":56}},"3":{"start":{"line":7,"column":0},"end":{"line":7,"column":23}},"4":{"start":{"line":8,"column":0},"end":{"line":8,"column":25}},"5":{"start":{"line":9,"column":0},"end":{"line":9,"column":23}},"6":{"start":{"line":10,"column":0},"end":{"line":10,"column":23}},"7":{"start":{"line":13,"column":0},"end":{"line":71,"column":2}},"8":{"start":{"line":15,"column":4},"end":{"line":15,"column":21}},"9":{"start":{"line":17,"column":4},"end":{"line":22,"column":32}},"10":{"start":{"line":19,"column":6},"end":{"line":21,"column":9}},"11":{"start":{"line":20,"column":8},"end":{"line":20,"column":72}},"12":{"start":{"line":20,"column":23},"end":{"line":20,"column":72}},"13":{"start":{"line":25,"column":4},"end":{"line":25,"column":22}},"14":{"start":{"line":27,"column":4},"end":{"line":27,"column":41}},"15":{"start":{"line":28,"column":4},"end":{"line":28,"column":79}},"16":{"start":{"line":29,"column":4},"end":{"line":33,"column":5}},"17":{"start":{"line":30,"column":6},"end":{"line":30,"column":23}},"18":{"start":{"line":30,"column":14},"end":{"line":30,"column":23}},"19":{"start":{"line":31,"column":6},"end":{"line":31,"column":26}},"20":{"start":{"line":32,"column":6},"end":{"line":32,"column":13}},"21":{"start":{"line":35,"column":4},"end":{"line":44,"column":7}},"22":{"start":{"line":36,"column":6},"end":{"line":36,"column":37}},"23":{"start":{"line":37,"column":6},"end":{"line":37,"column":44}},"24":{"start":{"line":38,"column":6},"end":{"line":38,"column":67}},"25":{"start":{"line":39,"column":6},"end":{"line":39,"column":23}},"26":{"start":{"line":39,"column":14},"end":{"line":39,"column":23}},"27":{"start":{"line":40,"column":6},"end":{"line":40,"column":28}},"28":{"start":{"line":42,"column":6},"end":{"line":42,"column":24}},"29":{"start":{"line":42,"column":14},"end":{"line":42,"column":24}},"30":{"start":{"line":43,"column":6},"end":{"line":43,"column":29}},"31":{"start":{"line":47,"column":4},"end":{"line":47,"column":74}},"32":{"start":{"line":51,"column":4},"end":{"line":51,"column":75}},"33":{"start":{"line":54,"column":4},"end":{"line":54,"column":77}},"34":{"start":{"line":57,"column":4},"end":{"line":57,"column":22}},"35":{"start":{"line":59,"column":4},"end":{"line":65,"column":32}},"36":{"start":{"line":60,"column":6},"end":{"line":60,"column":32}},"37":{"start":{"line":61,"column":6},"end":{"line":61,"column":33}},"38":{"start":{"line":62,"column":6},"end":{"line":62,"column":35}},"39":{"start":{"line":63,"column":6},"end":{"line":63,"column":19}},"40":{"start":{"line":63,"column":14},"end":{"line":63,"column":19}},"41":{"start":{"line":64,"column":6},"end":{"line":64,"column":29}},"42":{"start":{"line":68,"column":4},"end":{"line":68,"column":78}}},"branchMap":{"1":{"line":20,"type":"if","locations":[{"start":{"line":20,"column":8},"end":{"line":20,"column":8}},{"start":{"line":20,"column":8},"end":{"line":20,"column":8}}]},"2":{"line":28,"type":"cond-expr","locations":[{"start":{"line":28,"column":48},"end":{"line":28,"column":66}},{"start":{"line":28,"column":69},"end":{"line":28,"column":78}}]},"3":{"line":29,"type":"if","locations":[{"start":{"line":29,"column":4},"end":{"line":29,"column":4}},{"start":{"line":29,"column":4},"end":{"line":29,"column":4}}]},"4":{"line":30,"type":"if","locations":[{"start":{"line":30,"column":6},"end":{"line":30,"column":6}},{"start":{"line":30,"column":6},"end":{"line":30,"column":6}}]},"5":{"line":39,"type":"if","locations":[{"start":{"line":39,"column":6},"end":{"line":39,"column":6}},{"start":{"line":39,"column":6},"end":{"line":39,"column":6}}]},"6":{"line":42,"type":"if","locations":[{"start":{"line":42,"column":6},"end":{"line":42,"column":6}},{"start":{"line":42,"column":6},"end":{"line":42,"column":6}}]},"7":{"line":47,"type":"cond-expr","locations":[{"start":{"line":47,"column":43},"end":{"line":47,"column":61}},{"start":{"line":47,"column":64},"end":{"line":47,"column":73}}]},"8":{"line":51,"type":"cond-expr","locations":[{"start":{"line":51,"column":43},"end":{"line":51,"column":62}},{"start":{"line":51,"column":65},"end":{"line":51,"column":74}}]},"9":{"line":54,"type":"cond-expr","locations":[{"start":{"line":54,"column":43},"end":{"line":54,"column":64}},{"start":{"line":54,"column":67},"end":{"line":54,"column":76}}]},"10":{"line":63,"type":"if","locations":[{"start":{"line":63,"column":6},"end":{"line":63,"column":6}},{"start":{"line":63,"column":6},"end":{"line":63,"column":6}}]},"11":{"line":68,"type":"cond-expr","locations":[{"start":{"line":68,"column":46},"end":{"line":68,"column":64}},{"start":{"line":68,"column":67},"end":{"line":68,"column":76}}]}},"l":{"3":1,"5":1,"7":1,"8":1,"9":1,"10":1,"13":1,"15":0,"17":0,"19":0,"20":0,"25":0,"27":0,"28":0,"29":0,"30":0,"31":0,"32":0,"35":0,"36":0,"37":0,"38":0,"39":0,"40":0,"42":0,"43":0,"47":0,"51":0,"54":0,"57":0,"59":0,"60":0,"61":0,"62":0,"63":0,"64":0,"68":0}},
"/Users/techdojo/Projects/reactframework/app/stores/RestAPI_Helper.js":{"path":"/Users/techdojo/Projects/reactframework/app/stores/RestAPI_Helper.js","s":{"1":1,"2":1,"3":0,"4":0,"5":0,"6":0,"7":0,"8":0,"9":0,"10":0},"b":{},"f":{"1":0,"2":0,"3":0,"4":0,"5":0,"6":0,"7":0,"8":0},"fnMap":{"1":{"name":"get","line":6,"loc":{"start":{"line":6,"column":6},"end":{"line":6,"column":24}}},"2":{"name":"(anonymous_2)","line":7,"loc":{"start":{"line":7,"column":21},"end":{"line":7,"column":47}}},"3":{"name":"del","line":16,"loc":{"start":{"line":16,"column":6},"end":{"line":16,"column":24}}},"4":{"name":"(anonymous_4)","line":17,"loc":{"start":{"line":17,"column":21},"end":{"line":17,"column":47}}},"5":{"name":"post","line":26,"loc":{"start":{"line":26,"column":7},"end":{"line":26,"column":32}}},"6":{"name":"(anonymous_6)","line":27,"loc":{"start":{"line":27,"column":21},"end":{"line":27,"column":47}}},"7":{"name":"put","line":37,"loc":{"start":{"line":37,"column":6},"end":{"line":37,"column":30}}},"8":{"name":"(anonymous_8)","line":38,"loc":{"start":{"line":38,"column":21},"end":{"line":38,"column":47}}}},"statementMap":{"1":{"start":{"line":3,"column":0},"end":{"line":3,"column":26}},"2":{"start":{"line":5,"column":0},"end":{"line":48,"column":2}},"3":{"start":{"line":7,"column":2},"end":{"line":14,"column":5}},"4":{"start":{"line":8,"column":3},"end":{"line":13,"column":6}},"5":{"start":{"line":17,"column":2},"end":{"line":24,"column":5}},"6":{"start":{"line":18,"column":3},"end":{"line":23,"column":6}},"7":{"start":{"line":27,"column":2},"end":{"line":35,"column":5}},"8":{"start":{"line":28,"column":3},"end":{"line":34,"column":6}},"9":{"start":{"line":38,"column":2},"end":{"line":46,"column":5}},"10":{"start":{"line":39,"column":3},"end":{"line":45,"column":6}}},"branchMap":{},"l":{"3":1,"5":1,"7":0,"8":0,"17":0,"18":0,"27":0,"28":0,"38":0,"39":0}},
"/Users/techdojo/Projects/reactframework/app/stores/UserStore.jsx":{"path":"/Users/techdojo/Projects/reactframework/app/stores/UserStore.jsx","s":{"1":1,"2":1,"3":1,"4":1,"5":1,"6":1,"7":1,"8":1,"9":0,"10":0,"11":1,"12":0,"13":0,"14":0,"15":1,"16":0,"17":0,"18":0,"19":0,"20":1,"21":0,"22":1,"23":0,"24":1,"25":0,"26":1,"27":0,"28":0,"29":0,"30":1,"31":1},"b":{},"f":{"1":1,"2":0,"3":0,"4":0,"5":0,"6":0,"7":0,"8":0,"9":0,"10":0,"11":0,"12":0},"fnMap":{"1":{"name":"UserStore","line":11,"loc":{"start":{"line":11,"column":0},"end":{"line":11,"column":21}}},"2":{"name":"triggerListeners","line":16,"loc":{"start":{"line":16,"column":2},"end":{"line":16,"column":30}}},"3":{"name":"(anonymous_3)","line":17,"loc":{"start":{"line":17,"column":28},"end":{"line":17,"column":48}}},"4":{"name":"fetchUser","line":22,"loc":{"start":{"line":22,"column":2},"end":{"line":22,"column":25}}},"5":{"name":"(anonymous_5)","line":23,"loc":{"start":{"line":23,"column":29},"end":{"line":23,"column":45}}},"6":{"name":"editUser","line":29,"loc":{"start":{"line":29,"column":2},"end":{"line":29,"column":30}}},"7":{"name":"(anonymous_7)","line":30,"loc":{"start":{"line":30,"column":35},"end":{"line":30,"column":51}}},"8":{"name":"getUser","line":37,"loc":{"start":{"line":37,"column":2},"end":{"line":37,"column":21}}},"9":{"name":"getProfileUpdateMsg","line":40,"loc":{"start":{"line":40,"column":2},"end":{"line":40,"column":33}}},"10":{"name":"onChange","line":43,"loc":{"start":{"line":43,"column":2},"end":{"line":43,"column":30}}},"11":{"name":"removeChangeListener","line":47,"loc":{"start":{"line":47,"column":2},"end":{"line":47,"column":42}}},"12":{"name":"(anonymous_12)","line":48,"loc":{"start":{"line":48,"column":42},"end":{"line":48,"column":55}}}},"statementMap":{"1":{"start":{"line":3,"column":0},"end":{"line":3,"column":46}},"2":{"start":{"line":5,"column":0},"end":{"line":5,"column":23}},"3":{"start":{"line":6,"column":0},"end":{"line":6,"column":25}},"4":{"start":{"line":7,"column":0},"end":{"line":7,"column":23}},"5":{"start":{"line":8,"column":0},"end":{"line":8,"column":23}},"6":{"start":{"line":11,"column":0},"end":{"line":62,"column":1}},"7":{"start":{"line":12,"column":2},"end":{"line":14,"column":27}},"8":{"start":{"line":16,"column":2},"end":{"line":20,"column":3}},"9":{"start":{"line":17,"column":4},"end":{"line":19,"column":7}},"10":{"start":{"line":18,"column":6},"end":{"line":18,"column":17}},"11":{"start":{"line":22,"column":2},"end":{"line":27,"column":3}},"12":{"start":{"line":23,"column":4},"end":{"line":26,"column":7}},"13":{"start":{"line":24,"column":6},"end":{"line":24,"column":18}},"14":{"start":{"line":25,"column":6},"end":{"line":25,"column":25}},"15":{"start":{"line":29,"column":2},"end":{"line":35,"column":3}},"16":{"start":{"line":30,"column":4},"end":{"line":34,"column":7}},"17":{"start":{"line":31,"column":6},"end":{"line":31,"column":18}},"18":{"start":{"line":32,"column":6},"end":{"line":32,"column":56}},"19":{"start":{"line":33,"column":6},"end":{"line":33,"column":25}},"20":{"start":{"line":37,"column":2},"end":{"line":39,"column":3}},"21":{"start":{"line":38,"column":4},"end":{"line":38,"column":16}},"22":{"start":{"line":40,"column":2},"end":{"line":42,"column":3}},"23":{"start":{"line":41,"column":4},"end":{"line":41,"column":28}},"24":{"start":{"line":43,"column":2},"end":{"line":45,"column":3}},"25":{"start":{"line":44,"column":4},"end":{"line":44,"column":35}},"26":{"start":{"line":47,"column":2},"end":{"line":52,"column":3}},"27":{"start":{"line":48,"column":4},"end":{"line":50,"column":7}},"28":{"start":{"line":49,"column":6},"end":{"line":49,"column":28}},"29":{"start":{"line":51,"column":4},"end":{"line":51,"column":37}},"30":{"start":{"line":54,"column":2},"end":{"line":61,"column":4}},"31":{"start":{"line":64,"column":0},"end":{"line":64,"column":33}}},"branchMap":{},"l":{"3":1,"5":1,"6":1,"7":1,"8":1,"11":1,"12":1,"16":1,"17":0,"18":0,"22":1,"23":0,"24":0,"25":0,"29":1,"30":0,"31":0,"32":0,"33":0,"37":1,"38":0,"40":1,"41":0,"43":1,"44":0,"47":1,"48":0,"49":0,"51":0,"54":1,"64":1}},
"/Users/techdojo/Projects/reactframework/app/components/core/Footer.jsx":{"path":"/Users/techdojo/Projects/reactframework/app/components/core/Footer.jsx","s":{"1":1,"2":1,"3":1,"4":1,"5":1,"6":1,"7":1,"8":1,"9":1,"10":1,"11":1,"12":1,"13":1,"14":1,"15":0,"16":1,"17":1,"18":1,"19":1,"20":1,"21":1,"22":1,"23":0,"24":0,"25":1,"26":0,"27":0,"28":0,"29":1,"30":1,"31":0,"32":1,"33":1,"34":1,"35":1,"36":1,"37":1,"38":0,"39":0,"40":1,"41":0,"42":1,"43":1},"b":{"1":[1,1],"2":[1,0],"3":[1,0],"4":[0,1],"5":[0,1],"6":[1,1],"7":[0,0],"8":[0,0],"9":[0,0],"10":[0,0,0],"11":[0,1],"12":[1,0],"13":[1,1],"14":[1,0],"15":[1,0]},"f":{"1":1,"2":1,"3":1,"4":1,"5":0,"6":0,"7":1,"8":1,"9":0,"10":0},"fnMap":{"1":{"name":"(anonymous_1)","line":7,"loc":{"start":{"line":7,"column":19},"end":{"line":7,"column":31}}},"2":{"name":"defineProperties","line":7,"loc":{"start":{"line":7,"column":33},"end":{"line":7,"column":74}}},"3":{"name":"(anonymous_3)","line":7,"loc":{"start":{"line":7,"column":357},"end":{"line":7,"column":405}}},"4":{"name":"_interopRequireDefault","line":15,"loc":{"start":{"line":15,"column":0},"end":{"line":15,"column":37}}},"5":{"name":"_classCallCheck","line":17,"loc":{"start":{"line":17,"column":0},"end":{"line":17,"column":48}}},"6":{"name":"_possibleConstructorReturn","line":19,"loc":{"start":{"line":19,"column":0},"end":{"line":19,"column":48}}},"7":{"name":"_inherits","line":21,"loc":{"start":{"line":21,"column":0},"end":{"line":21,"column":41}}},"8":{"name":"(anonymous_8)","line":23,"loc":{"start":{"line":23,"column":13},"end":{"line":23,"column":41}}},"9":{"name":"Footer","line":26,"loc":{"start":{"line":26,"column":2},"end":{"line":26,"column":20}}},"10":{"name":"render","line":34,"loc":{"start":{"line":34,"column":11},"end":{"line":34,"column":29}}}},"statementMap":{"1":{"start":{"line":3,"column":0},"end":{"line":5,"column":3}},"2":{"start":{"line":7,"column":0},"end":{"line":7,"column":564}},"3":{"start":{"line":7,"column":33},"end":{"line":7,"column":349}},"4":{"start":{"line":7,"column":76},"end":{"line":7,"column":347}},"5":{"start":{"line":7,"column":117},"end":{"line":7,"column":143}},"6":{"start":{"line":7,"column":144},"end":{"line":7,"column":199}},"7":{"start":{"line":7,"column":200},"end":{"line":7,"column":231}},"8":{"start":{"line":7,"column":232},"end":{"line":7,"column":286}},"9":{"start":{"line":7,"column":259},"end":{"line":7,"column":286}},"10":{"start":{"line":7,"column":287},"end":{"line":7,"column":345}},"11":{"start":{"line":7,"column":350},"end":{"line":7,"column":559}},"12":{"start":{"line":7,"column":407},"end":{"line":7,"column":475}},"13":{"start":{"line":7,"column":423},"end":{"line":7,"column":475}},"14":{"start":{"line":7,"column":476},"end":{"line":7,"column":536}},"15":{"start":{"line":7,"column":493},"end":{"line":7,"column":536}},"16":{"start":{"line":7,"column":537},"end":{"line":7,"column":556}},"17":{"start":{"line":9,"column":0},"end":{"line":9,"column":30}},"18":{"start":{"line":11,"column":0},"end":{"line":11,"column":45}},"19":{"start":{"line":13,"column":0},"end":{"line":13,"column":49}},"20":{"start":{"line":15,"column":0},"end":{"line":15,"column":95}},"21":{"start":{"line":15,"column":39},"end":{"line":15,"column":93}},"22":{"start":{"line":17,"column":0},"end":{"line":17,"column":153}},"23":{"start":{"line":17,"column":50},"end":{"line":17,"column":151}},"24":{"start":{"line":17,"column":92},"end":{"line":17,"column":149}},"25":{"start":{"line":19,"column":0},"end":{"line":19,"column":240}},"26":{"start":{"line":19,"column":50},"end":{"line":19,"column":151}},"27":{"start":{"line":19,"column":63},"end":{"line":19,"column":149}},"28":{"start":{"line":19,"column":152},"end":{"line":19,"column":238}},"29":{"start":{"line":21,"column":0},"end":{"line":21,"column":494}},"30":{"start":{"line":21,"column":43},"end":{"line":21,"column":208}},"31":{"start":{"line":21,"column":106},"end":{"line":21,"column":206}},"32":{"start":{"line":21,"column":209},"end":{"line":21,"column":373}},"33":{"start":{"line":21,"column":374},"end":{"line":21,"column":492}},"34":{"start":{"line":21,"column":390},"end":{"line":21,"column":492}},"35":{"start":{"line":23,"column":0},"end":{"line":97,"column":29}},"36":{"start":{"line":24,"column":2},"end":{"line":24,"column":38}},"37":{"start":{"line":26,"column":2},"end":{"line":30,"column":3}},"38":{"start":{"line":27,"column":4},"end":{"line":27,"column":34}},"39":{"start":{"line":29,"column":4},"end":{"line":29,"column":86}},"40":{"start":{"line":32,"column":2},"end":{"line":94,"column":6}},"41":{"start":{"line":35,"column":6},"end":{"line":92,"column":8}},"42":{"start":{"line":96,"column":2},"end":{"line":96,"column":16}},"43":{"start":{"line":99,"column":0},"end":{"line":99,"column":25}}},"branchMap":{"1":{"line":7,"type":"binary-expr","locations":[{"start":{"line":7,"column":168},"end":{"line":7,"column":189}},{"start":{"line":7,"column":193},"end":{"line":7,"column":198}}]},"2":{"line":7,"type":"if","locations":[{"start":{"line":7,"column":232},"end":{"line":7,"column":232}},{"start":{"line":7,"column":232},"end":{"line":7,"column":232}}]},"3":{"line":7,"type":"if","locations":[{"start":{"line":7,"column":407},"end":{"line":7,"column":407}},{"start":{"line":7,"column":407},"end":{"line":7,"column":407}}]},"4":{"line":7,"type":"if","locations":[{"start":{"line":7,"column":476},"end":{"line":7,"column":476}},{"start":{"line":7,"column":476},"end":{"line":7,"column":476}}]},"5":{"line":15,"type":"cond-expr","locations":[{"start":{"line":15,"column":70},"end":{"line":15,"column":73}},{"start":{"line":15,"column":76},"end":{"line":15,"column":92}}]},"6":{"line":15,"type":"binary-expr","locations":[{"start":{"line":15,"column":46},"end":{"line":15,"column":49}},{"start":{"line":15,"column":53},"end":{"line":15,"column":67}}]},"7":{"line":17,"type":"if","locations":[{"start":{"line":17,"column":50},"end":{"line":17,"column":50}},{"start":{"line":17,"column":50},"end":{"line":17,"column":50}}]},"8":{"line":19,"type":"if","locations":[{"start":{"line":19,"column":50},"end":{"line":19,"column":50}},{"start":{"line":19,"column":50},"end":{"line":19,"column":50}}]},"9":{"line":19,"type":"cond-expr","locations":[{"start":{"line":19,"column":226},"end":{"line":19,"column":230}},{"start":{"line":19,"column":233},"end":{"line":19,"column":237}}]},"10":{"line":19,"type":"binary-expr","locations":[{"start":{"line":19,"column":159},"end":{"line":19,"column":163}},{"start":{"line":19,"column":168},"end":{"line":19,"column":192}},{"start":{"line":19,"column":196},"end":{"line":19,"column":222}}]},"11":{"line":21,"type":"if","locations":[{"start":{"line":21,"column":43},"end":{"line":21,"column":43}},{"start":{"line":21,"column":43},"end":{"line":21,"column":43}}]},"12":{"line":21,"type":"binary-expr","locations":[{"start":{"line":21,"column":47},"end":{"line":21,"column":79}},{"start":{"line":21,"column":83},"end":{"line":21,"column":102}}]},"13":{"line":21,"type":"binary-expr","locations":[{"start":{"line":21,"column":244},"end":{"line":21,"column":254}},{"start":{"line":21,"column":258},"end":{"line":21,"column":278}}]},"14":{"line":21,"type":"if","locations":[{"start":{"line":21,"column":374},"end":{"line":21,"column":374}},{"start":{"line":21,"column":374},"end":{"line":21,"column":374}}]},"15":{"line":21,"type":"cond-expr","locations":[{"start":{"line":21,"column":414},"end":{"line":21,"column":457}},{"start":{"line":21,"column":460},"end":{"line":21,"column":491}}]}},"l":{"3":1,"7":1,"9":1,"11":1,"13":1,"15":1,"17":1,"19":1,"21":1,"23":1,"24":1,"26":1,"27":0,"29":0,"32":1,"35":0,"96":1,"99":1}},
"/Users/techdojo/Projects/reactframework/app/components/core/Home.jsx":{"path":"/Users/techdojo/Projects/reactframework/app/components/core/Home.jsx","s":{"1":1,"2":1,"3":1,"4":1,"5":1,"6":1,"7":1,"8":1,"9":1,"10":1,"11":1,"12":1,"13":1,"14":1,"15":0,"16":1,"17":1,"18":1,"19":1,"20":1,"21":1,"22":1,"23":1,"24":0,"25":0,"26":1,"27":0,"28":0,"29":0,"30":1,"31":1,"32":0,"33":1,"34":1,"35":1,"36":1,"37":1,"38":1,"39":0,"40":0,"41":0,"42":0,"43":1,"44":0,"45":1,"46":1},"b":{"1":[1,1],"2":[1,0],"3":[1,0],"4":[0,1],"5":[0,1],"6":[1,1],"7":[0,0],"8":[0,0],"9":[0,0],"10":[0,0,0],"11":[0,1],"12":[1,0],"13":[1,1],"14":[1,0],"15":[1,0]},"f":{"1":1,"2":1,"3":1,"4":1,"5":0,"6":0,"7":1,"8":1,"9":0,"10":0},"fnMap":{"1":{"name":"(anonymous_1)","line":7,"loc":{"start":{"line":7,"column":19},"end":{"line":7,"column":31}}},"2":{"name":"defineProperties","line":7,"loc":{"start":{"line":7,"column":33},"end":{"line":7,"column":74}}},"3":{"name":"(anonymous_3)","line":7,"loc":{"start":{"line":7,"column":357},"end":{"line":7,"column":405}}},"4":{"name":"_interopRequireDefault","line":17,"loc":{"start":{"line":17,"column":0},"end":{"line":17,"column":37}}},"5":{"name":"_classCallCheck","line":19,"loc":{"start":{"line":19,"column":0},"end":{"line":19,"column":48}}},"6":{"name":"_possibleConstructorReturn","line":21,"loc":{"start":{"line":21,"column":0},"end":{"line":21,"column":48}}},"7":{"name":"_inherits","line":23,"loc":{"start":{"line":23,"column":0},"end":{"line":23,"column":41}}},"8":{"name":"(anonymous_8)","line":25,"loc":{"start":{"line":25,"column":11},"end":{"line":25,"column":39}}},"9":{"name":"Home","line":28,"loc":{"start":{"line":28,"column":2},"end":{"line":28,"column":32}}},"10":{"name":"render","line":39,"loc":{"start":{"line":39,"column":11},"end":{"line":39,"column":29}}}},"statementMap":{"1":{"start":{"line":3,"column":0},"end":{"line":5,"column":3}},"2":{"start":{"line":7,"column":0},"end":{"line":7,"column":564}},"3":{"start":{"line":7,"column":33},"end":{"line":7,"column":349}},"4":{"start":{"line":7,"column":76},"end":{"line":7,"column":347}},"5":{"start":{"line":7,"column":117},"end":{"line":7,"column":143}},"6":{"start":{"line":7,"column":144},"end":{"line":7,"column":199}},"7":{"start":{"line":7,"column":200},"end":{"line":7,"column":231}},"8":{"start":{"line":7,"column":232},"end":{"line":7,"column":286}},"9":{"start":{"line":7,"column":259},"end":{"line":7,"column":286}},"10":{"start":{"line":7,"column":287},"end":{"line":7,"column":345}},"11":{"start":{"line":7,"column":350},"end":{"line":7,"column":559}},"12":{"start":{"line":7,"column":407},"end":{"line":7,"column":475}},"13":{"start":{"line":7,"column":423},"end":{"line":7,"column":475}},"14":{"start":{"line":7,"column":476},"end":{"line":7,"column":536}},"15":{"start":{"line":7,"column":493},"end":{"line":7,"column":536}},"16":{"start":{"line":7,"column":537},"end":{"line":7,"column":556}},"17":{"start":{"line":9,"column":0},"end":{"line":9,"column":30}},"18":{"start":{"line":11,"column":0},"end":{"line":11,"column":45}},"19":{"start":{"line":13,"column":0},"end":{"line":13,"column":49}},"20":{"start":{"line":15,"column":0},"end":{"line":15,"column":62}},"21":{"start":{"line":17,"column":0},"end":{"line":17,"column":95}},"22":{"start":{"line":17,"column":39},"end":{"line":17,"column":93}},"23":{"start":{"line":19,"column":0},"end":{"line":19,"column":153}},"24":{"start":{"line":19,"column":50},"end":{"line":19,"column":151}},"25":{"start":{"line":19,"column":92},"end":{"line":19,"column":149}},"26":{"start":{"line":21,"column":0},"end":{"line":21,"column":240}},"27":{"start":{"line":21,"column":50},"end":{"line":21,"column":151}},"28":{"start":{"line":21,"column":63},"end":{"line":21,"column":149}},"29":{"start":{"line":21,"column":152},"end":{"line":21,"column":238}},"30":{"start":{"line":23,"column":0},"end":{"line":23,"column":494}},"31":{"start":{"line":23,"column":43},"end":{"line":23,"column":208}},"32":{"start":{"line":23,"column":106},"end":{"line":23,"column":206}},"33":{"start":{"line":23,"column":209},"end":{"line":23,"column":373}},"34":{"start":{"line":23,"column":374},"end":{"line":23,"column":492}},"35":{"start":{"line":23,"column":390},"end":{"line":23,"column":492}},"36":{"start":{"line":25,"column":0},"end":{"line":186,"column":29}},"37":{"start":{"line":26,"column":2},"end":{"line":26,"column":36}},"38":{"start":{"line":28,"column":2},"end":{"line":35,"column":3}},"39":{"start":{"line":29,"column":4},"end":{"line":29,"column":32}},"40":{"start":{"line":31,"column":4},"end":{"line":31,"column":105}},"41":{"start":{"line":33,"column":4},"end":{"line":33,"column":21}},"42":{"start":{"line":34,"column":4},"end":{"line":34,"column":17}},"43":{"start":{"line":37,"column":2},"end":{"line":183,"column":6}},"44":{"start":{"line":41,"column":6},"end":{"line":181,"column":8}},"45":{"start":{"line":185,"column":2},"end":{"line":185,"column":14}},"46":{"start":{"line":188,"column":0},"end":{"line":188,"column":23}}},"branchMap":{"1":{"line":7,"type":"binary-expr","locations":[{"start":{"line":7,"column":168},"end":{"line":7,"column":189}},{"start":{"line":7,"column":193},"end":{"line":7,"column":198}}]},"2":{"line":7,"type":"if","locations":[{"start":{"line":7,"column":232},"end":{"line":7,"column":232}},{"start":{"line":7,"column":232},"end":{"line":7,"column":232}}]},"3":{"line":7,"type":"if","locations":[{"start":{"line":7,"column":407},"end":{"line":7,"column":407}},{"start":{"line":7,"column":407},"end":{"line":7,"column":407}}]},"4":{"line":7,"type":"if","locations":[{"start":{"line":7,"column":476},"end":{"line":7,"column":476}},{"start":{"line":7,"column":476},"end":{"line":7,"column":476}}]},"5":{"line":17,"type":"cond-expr","locations":[{"start":{"line":17,"column":70},"end":{"line":17,"column":73}},{"start":{"line":17,"column":76},"end":{"line":17,"column":92}}]},"6":{"line":17,"type":"binary-expr","locations":[{"start":{"line":17,"column":46},"end":{"line":17,"column":49}},{"start":{"line":17,"column":53},"end":{"line":17,"column":67}}]},"7":{"line":19,"type":"if","locations":[{"start":{"line":19,"column":50},"end":{"line":19,"column":50}},{"start":{"line":19,"column":50},"end":{"line":19,"column":50}}]},"8":{"line":21,"type":"if","locations":[{"start":{"line":21,"column":50},"end":{"line":21,"column":50}},{"start":{"line":21,"column":50},"end":{"line":21,"column":50}}]},"9":{"line":21,"type":"cond-expr","locations":[{"start":{"line":21,"column":226},"end":{"line":21,"column":230}},{"start":{"line":21,"column":233},"end":{"line":21,"column":237}}]},"10":{"line":21,"type":"binary-expr","locations":[{"start":{"line":21,"column":159},"end":{"line":21,"column":163}},{"start":{"line":21,"column":168},"end":{"line":21,"column":192}},{"start":{"line":21,"column":196},"end":{"line":21,"column":222}}]},"11":{"line":23,"type":"if","locations":[{"start":{"line":23,"column":43},"end":{"line":23,"column":43}},{"start":{"line":23,"column":43},"end":{"line":23,"column":43}}]},"12":{"line":23,"type":"binary-expr","locations":[{"start":{"line":23,"column":47},"end":{"line":23,"column":79}},{"start":{"line":23,"column":83},"end":{"line":23,"column":102}}]},"13":{"line":23,"type":"binary-expr","locations":[{"start":{"line":23,"column":244},"end":{"line":23,"column":254}},{"start":{"line":23,"column":258},"end":{"line":23,"column":278}}]},"14":{"line":23,"type":"if","locations":[{"start":{"line":23,"column":374},"end":{"line":23,"column":374}},{"start":{"line":23,"column":374},"end":{"line":23,"column":374}}]},"15":{"line":23,"type":"cond-expr","locations":[{"start":{"line":23,"column":414},"end":{"line":23,"column":457}},{"start":{"line":23,"column":460},"end":{"line":23,"column":491}}]}},"l":{"3":1,"7":1,"9":1,"11":1,"13":1,"15":1,"17":1,"19":1,"21":1,"23":1,"25":1,"26":1,"28":1,"29":0,"31":0,"33":0,"34":0,"37":1,"41":0,"185":1,"188":1}},
"/Users/techdojo/Projects/reactframework/app/components/articles/CreateArticle.jsx":{"path":"/Users/techdojo/Projects/reactframework/app/components/articles/CreateArticle.jsx","s":{"1":1,"2":1,"3":1,"4":1,"5":4,"6":4,"7":4,"8":4,"9":4,"10":4,"11":1,"12":1,"13":1,"14":1,"15":0,"16":1,"17":1,"18":1,"19":1,"20":1,"21":1,"22":1,"23":1,"24":1,"25":3,"26":1,"27":0,"28":0,"29":1,"30":0,"31":0,"32":0,"33":1,"34":1,"35":0,"36":1,"37":1,"38":1,"39":1,"40":1,"41":1,"42":0,"43":0,"44":0,"45":0,"46":0,"47":0,"48":0,"49":0,"50":0,"51":1,"52":0,"53":0,"54":0,"55":0,"56":1,"57":1},"b":{"1":[4,4],"2":[4,0],"3":[1,0],"4":[0,1],"5":[1,2],"6":[3,3],"7":[0,0],"8":[0,0],"9":[0,0],"10":[0,0,0],"11":[0,1],"12":[1,0],"13":[1,1],"14":[1,0],"15":[1,0]},"f":{"1":1,"2":1,"3":1,"4":3,"5":0,"6":0,"7":1,"8":1,"9":0,"10":0,"11":0,"12":0,"13":0},"fnMap":{"1":{"name":"(anonymous_1)","line":7,"loc":{"start":{"line":7,"column":19},"end":{"line":7,"column":31}}},"2":{"name":"defineProperties","line":7,"loc":{"start":{"line":7,"column":33},"end":{"line":7,"column":74}}},"3":{"name":"(anonymous_3)","line":7,"loc":{"start":{"line":7,"column":357},"end":{"line":7,"column":405}}},"4":{"name":"_interopRequireDefault","line":23,"loc":{"start":{"line":23,"column":0},"end":{"line":23,"column":37}}},"5":{"name":"_classCallCheck","line":25,"loc":{"start":{"line":25,"column":0},"end":{"line":25,"column":48}}},"6":{"name":"_possibleConstructorReturn","line":27,"loc":{"start":{"line":27,"column":0},"end":{"line":27,"column":48}}},"7":{"name":"_inherits","line":29,"loc":{"start":{"line":29,"column":0},"end":{"line":29,"column":41}}},"8":{"name":"(anonymous_8)","line":31,"loc":{"start":{"line":31,"column":20},"end":{"line":31,"column":48}}},"9":{"name":"CreateArticle","line":34,"loc":{"start":{"line":34,"column":2},"end":{"line":34,"column":32}}},"10":{"name":"handleInputTitle","line":50,"loc":{"start":{"line":50,"column":11},"end":{"line":50,"column":46}}},"11":{"name":"handleInputContent","line":55,"loc":{"start":{"line":55,"column":11},"end":{"line":55,"column":48}}},"12":{"name":"_formSubmit","line":60,"loc":{"start":{"line":60,"column":11},"end":{"line":60,"column":39}}},"13":{"name":"render","line":65,"loc":{"start":{"line":65,"column":11},"end":{"line":65,"column":29}}}},"statementMap":{"1":{"start":{"line":3,"column":0},"end":{"line":5,"column":3}},"2":{"start":{"line":7,"column":0},"end":{"line":7,"column":564}},"3":{"start":{"line":7,"column":33},"end":{"line":7,"column":349}},"4":{"start":{"line":7,"column":76},"end":{"line":7,"column":347}},"5":{"start":{"line":7,"column":117},"end":{"line":7,"column":143}},"6":{"start":{"line":7,"column":144},"end":{"line":7,"column":199}},"7":{"start":{"line":7,"column":200},"end":{"line":7,"column":231}},"8":{"start":{"line":7,"column":232},"end":{"line":7,"column":286}},"9":{"start":{"line":7,"column":259},"end":{"line":7,"column":286}},"10":{"start":{"line":7,"column":287},"end":{"line":7,"column":345}},"11":{"start":{"line":7,"column":350},"end":{"line":7,"column":559}},"12":{"start":{"line":7,"column":407},"end":{"line":7,"column":475}},"13":{"start":{"line":7,"column":423},"end":{"line":7,"column":475}},"14":{"start":{"line":7,"column":476},"end":{"line":7,"column":536}},"15":{"start":{"line":7,"column":493},"end":{"line":7,"column":536}},"16":{"start":{"line":7,"column":537},"end":{"line":7,"column":556}},"17":{"start":{"line":9,"column":0},"end":{"line":9,"column":30}},"18":{"start":{"line":11,"column":0},"end":{"line":11,"column":45}},"19":{"start":{"line":13,"column":0},"end":{"line":13,"column":63}},"20":{"start":{"line":15,"column":0},"end":{"line":15,"column":59}},"21":{"start":{"line":17,"column":0},"end":{"line":17,"column":49}},"22":{"start":{"line":19,"column":0},"end":{"line":19,"column":34}},"23":{"start":{"line":21,"column":0},"end":{"line":21,"column":43}},"24":{"start":{"line":23,"column":0},"end":{"line":23,"column":95}},"25":{"start":{"line":23,"column":39},"end":{"line":23,"column":93}},"26":{"start":{"line":25,"column":0},"end":{"line":25,"column":153}},"27":{"start":{"line":25,"column":50},"end":{"line":25,"column":151}},"28":{"start":{"line":25,"column":92},"end":{"line":25,"column":149}},"29":{"start":{"line":27,"column":0},"end":{"line":27,"column":240}},"30":{"start":{"line":27,"column":50},"end":{"line":27,"column":151}},"31":{"start":{"line":27,"column":63},"end":{"line":27,"column":149}},"32":{"start":{"line":27,"column":152},"end":{"line":27,"column":238}},"33":{"start":{"line":29,"column":0},"end":{"line":29,"column":494}},"34":{"start":{"line":29,"column":43},"end":{"line":29,"column":208}},"35":{"start":{"line":29,"column":106},"end":{"line":29,"column":206}},"36":{"start":{"line":29,"column":209},"end":{"line":29,"column":373}},"37":{"start":{"line":29,"column":374},"end":{"line":29,"column":492}},"38":{"start":{"line":29,"column":390},"end":{"line":29,"column":492}},"39":{"start":{"line":31,"column":0},"end":{"line":96,"column":29}},"40":{"start":{"line":32,"column":2},"end":{"line":32,"column":45}},"41":{"start":{"line":34,"column":2},"end":{"line":46,"column":3}},"42":{"start":{"line":35,"column":4},"end":{"line":35,"column":41}},"43":{"start":{"line":37,"column":4},"end":{"line":37,"column":105}},"44":{"start":{"line":39,"column":4},"end":{"line":39,"column":34}},"45":{"start":{"line":40,"column":4},"end":{"line":40,"column":21}},"46":{"start":{"line":41,"column":4},"end":{"line":41,"column":29}},"47":{"start":{"line":42,"column":4},"end":{"line":42,"column":64}},"48":{"start":{"line":43,"column":4},"end":{"line":43,"column":68}},"49":{"start":{"line":44,"column":4},"end":{"line":44,"column":54}},"50":{"start":{"line":45,"column":4},"end":{"line":45,"column":17}},"51":{"start":{"line":48,"column":2},"end":{"line":93,"column":6}},"52":{"start":{"line":51,"column":6},"end":{"line":51,"column":42}},"53":{"start":{"line":56,"column":6},"end":{"line":56,"column":42}},"54":{"start":{"line":61,"column":6},"end":{"line":61,"column":61}},"55":{"start":{"line":67,"column":6},"end":{"line":91,"column":8}},"56":{"start":{"line":95,"column":2},"end":{"line":95,"column":23}},"57":{"start":{"line":98,"column":0},"end":{"line":98,"column":32}}},"branchMap":{"1":{"line":7,"type":"binary-expr","locations":[{"start":{"line":7,"column":168},"end":{"line":7,"column":189}},{"start":{"line":7,"column":193},"end":{"line":7,"column":198}}]},"2":{"line":7,"type":"if","locations":[{"start":{"line":7,"column":232},"end":{"line":7,"column":232}},{"start":{"line":7,"column":232},"end":{"line":7,"column":232}}]},"3":{"line":7,"type":"if","locations":[{"start":{"line":7,"column":407},"end":{"line":7,"column":407}},{"start":{"line":7,"column":407},"end":{"line":7,"column":407}}]},"4":{"line":7,"type":"if","locations":[{"start":{"line":7,"column":476},"end":{"line":7,"column":476}},{"start":{"line":7,"column":476},"end":{"line":7,"column":476}}]},"5":{"line":23,"type":"cond-expr","locations":[{"start":{"line":23,"column":70},"end":{"line":23,"column":73}},{"start":{"line":23,"column":76},"end":{"line":23,"column":92}}]},"6":{"line":23,"type":"binary-expr","locations":[{"start":{"line":23,"column":46},"end":{"line":23,"column":49}},{"start":{"line":23,"column":53},"end":{"line":23,"column":67}}]},"7":{"line":25,"type":"if","locations":[{"start":{"line":25,"column":50},"end":{"line":25,"column":50}},{"start":{"line":25,"column":50},"end":{"line":25,"column":50}}]},"8":{"line":27,"type":"if","locations":[{"start":{"line":27,"column":50},"end":{"line":27,"column":50}},{"start":{"line":27,"column":50},"end":{"line":27,"column":50}}]},"9":{"line":27,"type":"cond-expr","locations":[{"start":{"line":27,"column":226},"end":{"line":27,"column":230}},{"start":{"line":27,"column":233},"end":{"line":27,"column":237}}]},"10":{"line":27,"type":"binary-expr","locations":[{"start":{"line":27,"column":159},"end":{"line":27,"column":163}},{"start":{"line":27,"column":168},"end":{"line":27,"column":192}},{"start":{"line":27,"column":196},"end":{"line":27,"column":222}}]},"11":{"line":29,"type":"if","locations":[{"start":{"line":29,"column":43},"end":{"line":29,"column":43}},{"start":{"line":29,"column":43},"end":{"line":29,"column":43}}]},"12":{"line":29,"type":"binary-expr","locations":[{"start":{"line":29,"column":47},"end":{"line":29,"column":79}},{"start":{"line":29,"column":83},"end":{"line":29,"column":102}}]},"13":{"line":29,"type":"binary-expr","locations":[{"start":{"line":29,"column":244},"end":{"line":29,"column":254}},{"start":{"line":29,"column":258},"end":{"line":29,"column":278}}]},"14":{"line":29,"type":"if","locations":[{"start":{"line":29,"column":374},"end":{"line":29,"column":374}},{"start":{"line":29,"column":374},"end":{"line":29,"column":374}}]},"15":{"line":29,"type":"cond-expr","locations":[{"start":{"line":29,"column":414},"end":{"line":29,"column":457}},{"start":{"line":29,"column":460},"end":{"line":29,"column":491}}]}},"l":{"3":1,"7":4,"9":1,"11":1,"13":1,"15":1,"17":1,"19":1,"21":1,"23":3,"25":1,"27":1,"29":1,"31":1,"32":1,"34":1,"35":0,"37":0,"39":0,"40":0,"41":0,"42":0,"43":0,"44":0,"45":0,"48":1,"51":0,"56":0,"61":0,"67":0,"95":1,"98":1}},
"/Users/techdojo/Projects/reactframework/app/stores/ArticleStore.jsx":{"path":"/Users/techdojo/Projects/reactframework/app/stores/ArticleStore.jsx","s":{"1":1,"2":1,"3":1,"4":1,"5":1,"6":1,"7":1,"8":1,"9":1,"10":1,"11":1,"12":1,"13":0,"14":0,"15":1,"16":0,"17":0,"18":0,"19":1,"20":0,"21":0,"22":0,"23":1,"24":0,"25":0,"26":0,"27":0,"28":0,"29":0,"30":1,"31":0,"32":0,"33":0,"34":0,"35":0,"36":0,"37":0,"38":1,"39":0,"40":0,"41":0,"42":0,"43":0,"44":0,"45":0,"46":1,"47":0,"48":1,"49":0,"50":0,"51":1,"52":0,"53":1,"54":0,"55":1,"56":0,"57":0,"58":0,"59":1,"60":0,"61":0,"62":1,"63":0,"64":1,"65":1},"b":{"1":[0,1],"2":[1,1],"3":[0,0],"4":[0,0],"5":[0,0]},"f":{"1":1,"2":1,"3":0,"4":0,"5":0,"6":0,"7":0,"8":0,"9":0,"10":0,"11":0,"12":0,"13":0,"14":0,"15":0,"16":0,"17":0,"18":0,"19":0,"20":0,"21":0,"22":0,"23":0,"24":0,"25":0},"fnMap":{"1":{"name":"_interopRequireDefault","line":7,"loc":{"start":{"line":7,"column":0},"end":{"line":7,"column":37}}},"2":{"name":"ArticleStore","line":17,"loc":{"start":{"line":17,"column":0},"end":{"line":17,"column":24}}},"3":{"name":"triggerListeners","line":25,"loc":{"start":{"line":25,"column":2},"end":{"line":25,"column":30}}},"4":{"name":"(anonymous_4)","line":26,"loc":{"start":{"line":26,"column":28},"end":{"line":26,"column":48}}},"5":{"name":"fetchArticleList","line":30,"loc":{"start":{"line":30,"column":2},"end":{"line":30,"column":30}}},"6":{"name":"(anonymous_6)","line":31,"loc":{"start":{"line":31,"column":30},"end":{"line":31,"column":46}}},"7":{"name":"fetchArticle","line":36,"loc":{"start":{"line":36,"column":2},"end":{"line":36,"column":28}}},"8":{"name":"(anonymous_8)","line":37,"loc":{"start":{"line":37,"column":35},"end":{"line":37,"column":51}}},"9":{"name":"addArticle","line":43,"loc":{"start":{"line":43,"column":2},"end":{"line":43,"column":40}}},"10":{"name":"(anonymous_10)","line":44,"loc":{"start":{"line":44,"column":40},"end":{"line":44,"column":53}}},"11":{"name":"(anonymous_11)","line":47,"loc":{"start":{"line":47,"column":13},"end":{"line":47,"column":28}}},"12":{"name":"editArticle","line":55,"loc":{"start":{"line":55,"column":2},"end":{"line":55,"column":45}}},"13":{"name":"(anonymous_13)","line":57,"loc":{"start":{"line":57,"column":44},"end":{"line":57,"column":60}}},"14":{"name":"(anonymous_14)","line":61,"loc":{"start":{"line":61,"column":13},"end":{"line":61,"column":28}}},"15":{"name":"deleteArticle","line":69,"loc":{"start":{"line":69,"column":2},"end":{"line":69,"column":38}}},"16":{"name":"(anonymous_16)","line":71,"loc":{"start":{"line":71,"column":35},"end":{"line":71,"column":48}}},"17":{"name":"(anonymous_17)","line":75,"loc":{"start":{"line":75,"column":13},"end":{"line":75,"column":28}}},"18":{"name":"getArticleList","line":83,"loc":{"start":{"line":83,"column":2},"end":{"line":83,"column":28}}},"19":{"name":"getArticle","line":87,"loc":{"start":{"line":87,"column":2},"end":{"line":87,"column":24}}},"20":{"name":"articleDeletionStatus","line":92,"loc":{"start":{"line":92,"column":2},"end":{"line":92,"column":35}}},"21":{"name":"onChange","line":96,"loc":{"start":{"line":96,"column":2},"end":{"line":96,"column":30}}},"22":{"name":"removeChangeListener","line":100,"loc":{"start":{"line":100,"column":2},"end":{"line":100,"column":42}}},"23":{"name":"(anonymous_23)","line":101,"loc":{"start":{"line":101,"column":42},"end":{"line":101,"column":55}}},"24":{"name":"authCheck","line":106,"loc":{"start":{"line":106,"column":2},"end":{"line":106,"column":30}}},"25":{"name":"getError","line":111,"loc":{"start":{"line":111,"column":2},"end":{"line":111,"column":22}}}},"statementMap":{"1":{"start":{"line":3,"column":0},"end":{"line":3,"column":62}},"2":{"start":{"line":5,"column":0},"end":{"line":5,"column":63}},"3":{"start":{"line":7,"column":0},"end":{"line":7,"column":95}},"4":{"start":{"line":7,"column":39},"end":{"line":7,"column":93}},"5":{"start":{"line":9,"column":0},"end":{"line":9,"column":46}},"6":{"start":{"line":11,"column":0},"end":{"line":11,"column":23}},"7":{"start":{"line":12,"column":0},"end":{"line":12,"column":25}},"8":{"start":{"line":13,"column":0},"end":{"line":13,"column":23}},"9":{"start":{"line":14,"column":0},"end":{"line":14,"column":23}},"10":{"start":{"line":17,"column":0},"end":{"line":128,"column":1}},"11":{"start":{"line":19,"column":2},"end":{"line":23,"column":31}},"12":{"start":{"line":25,"column":2},"end":{"line":29,"column":3}},"13":{"start":{"line":26,"column":4},"end":{"line":28,"column":7}},"14":{"start":{"line":27,"column":6},"end":{"line":27,"column":17}},"15":{"start":{"line":30,"column":2},"end":{"line":35,"column":3}},"16":{"start":{"line":31,"column":4},"end":{"line":34,"column":7}},"17":{"start":{"line":32,"column":6},"end":{"line":32,"column":25}},"18":{"start":{"line":33,"column":6},"end":{"line":33,"column":25}},"19":{"start":{"line":36,"column":2},"end":{"line":41,"column":3}},"20":{"start":{"line":37,"column":4},"end":{"line":40,"column":7}},"21":{"start":{"line":38,"column":6},"end":{"line":38,"column":21}},"22":{"start":{"line":39,"column":6},"end":{"line":39,"column":25}},"23":{"start":{"line":43,"column":2},"end":{"line":53,"column":3}},"24":{"start":{"line":44,"column":4},"end":{"line":52,"column":7}},"25":{"start":{"line":45,"column":6},"end":{"line":45,"column":26}},"26":{"start":{"line":46,"column":6},"end":{"line":46,"column":52}},"27":{"start":{"line":48,"column":6},"end":{"line":51,"column":7}},"28":{"start":{"line":49,"column":8},"end":{"line":49,"column":28}},"29":{"start":{"line":50,"column":8},"end":{"line":50,"column":27}},"30":{"start":{"line":55,"column":2},"end":{"line":67,"column":3}},"31":{"start":{"line":57,"column":4},"end":{"line":66,"column":7}},"32":{"start":{"line":58,"column":6},"end":{"line":58,"column":21}},"33":{"start":{"line":59,"column":6},"end":{"line":59,"column":25}},"34":{"start":{"line":60,"column":6},"end":{"line":60,"column":55}},"35":{"start":{"line":62,"column":6},"end":{"line":65,"column":7}},"36":{"start":{"line":63,"column":8},"end":{"line":63,"column":28}},"37":{"start":{"line":64,"column":8},"end":{"line":64,"column":27}},"38":{"start":{"line":69,"column":2},"end":{"line":81,"column":3}},"39":{"start":{"line":71,"column":4},"end":{"line":80,"column":7}},"40":{"start":{"line":72,"column":6},"end":{"line":72,"column":30}},"41":{"start":{"line":73,"column":6},"end":{"line":73,"column":25}},"42":{"start":{"line":74,"column":6},"end":{"line":74,"column":43}},"43":{"start":{"line":76,"column":6},"end":{"line":79,"column":7}},"44":{"start":{"line":77,"column":8},"end":{"line":77,"column":28}},"45":{"start":{"line":78,"column":8},"end":{"line":78,"column":27}},"46":{"start":{"line":83,"column":2},"end":{"line":85,"column":3}},"47":{"start":{"line":84,"column":4},"end":{"line":84,"column":23}},"48":{"start":{"line":87,"column":2},"end":{"line":90,"column":3}},"49":{"start":{"line":88,"column":4},"end":{"line":88,"column":29}},"50":{"start":{"line":89,"column":4},"end":{"line":89,"column":19}},"51":{"start":{"line":92,"column":2},"end":{"line":94,"column":3}},"52":{"start":{"line":93,"column":4},"end":{"line":93,"column":26}},"53":{"start":{"line":96,"column":2},"end":{"line":98,"column":3}},"54":{"start":{"line":97,"column":4},"end":{"line":97,"column":35}},"55":{"start":{"line":100,"column":2},"end":{"line":105,"column":3}},"56":{"start":{"line":101,"column":4},"end":{"line":103,"column":7}},"57":{"start":{"line":102,"column":6},"end":{"line":102,"column":28}},"58":{"start":{"line":104,"column":4},"end":{"line":104,"column":37}},"59":{"start":{"line":106,"column":2},"end":{"line":109,"column":3}},"60":{"start":{"line":107,"column":4},"end":{"line":107,"column":38}},"61":{"start":{"line":108,"column":4},"end":{"line":108,"column":59}},"62":{"start":{"line":111,"column":2},"end":{"line":113,"column":3}},"63":{"start":{"line":112,"column":4},"end":{"line":112,"column":17}},"64":{"start":{"line":115,"column":2},"end":{"line":127,"column":4}},"65":{"start":{"line":130,"column":0},"end":{"line":130,"column":36}}},"branchMap":{"1":{"line":7,"type":"cond-expr","locations":[{"start":{"line":7,"column":70},"end":{"line":7,"column":73}},{"start":{"line":7,"column":76},"end":{"line":7,"column":92}}]},"2":{"line":7,"type":"binary-expr","locations":[{"start":{"line":7,"column":46},"end":{"line":7,"column":49}},{"start":{"line":7,"column":53},"end":{"line":7,"column":67}}]},"3":{"line":48,"type":"if","locations":[{"start":{"line":48,"column":6},"end":{"line":48,"column":6}},{"start":{"line":48,"column":6},"end":{"line":48,"column":6}}]},"4":{"line":62,"type":"if","locations":[{"start":{"line":62,"column":6},"end":{"line":62,"column":6}},{"start":{"line":62,"column":6},"end":{"line":62,"column":6}}]},"5":{"line":76,"type":"if","locations":[{"start":{"line":76,"column":6},"end":{"line":76,"column":6}},{"start":{"line":76,"column":6},"end":{"line":76,"column":6}}]}},"l":{"3":1,"5":1,"7":1,"9":1,"11":1,"12":1,"13":1,"14":1,"17":1,"19":1,"25":1,"26":0,"27":0,"30":1,"31":0,"32":0,"33":0,"36":1,"37":0,"38":0,"39":0,"43":1,"44":0,"45":0,"46":0,"48":0,"49":0,"50":0,"55":1,"57":0,"58":0,"59":0,"60":0,"62":0,"63":0,"64":0,"69":1,"71":0,"72":0,"73":0,"74":0,"76":0,"77":0,"78":0,"83":1,"84":0,"87":1,"88":0,"89":0,"92":1,"93":0,"96":1,"97":0,"100":1,"101":0,"102":0,"104":0,"106":1,"107":0,"108":0,"111":1,"112":0,"115":1,"130":1}},
"/Users/techdojo/Projects/reactframework/app/components/articles/Form.jsx":{"path":"/Users/techdojo/Projects/reactframework/app/components/articles/Form.jsx","s":{"1":1,"2":1,"3":1,"4":1,"5":4,"6":4,"7":4,"8":4,"9":4,"10":4,"11":1,"12":1,"13":1,"14":1,"15":0,"16":1,"17":1,"18":1,"19":1,"20":1,"21":1,"22":1,"23":0,"24":0,"25":1,"26":0,"27":0,"28":0,"29":1,"30":1,"31":0,"32":1,"33":1,"34":1,"35":1,"36":1,"37":1,"38":0,"39":0,"40":0,"41":0,"42":0,"43":0,"44":0,"45":1,"46":0,"47":0,"48":0,"49":0,"50":0,"51":0,"52":0,"53":0,"54":1,"55":1},"b":{"1":[4,4],"2":[4,0],"3":[1,0],"4":[0,1],"5":[0,1],"6":[1,1],"7":[0,0],"8":[0,0],"9":[0,0],"10":[0,0,0],"11":[0,1],"12":[1,0],"13":[1,1],"14":[1,0],"15":[1,0]},"f":{"1":1,"2":1,"3":1,"4":1,"5":0,"6":0,"7":1,"8":1,"9":0,"10":0,"11":0,"12":0,"13":0},"fnMap":{"1":{"name":"(anonymous_1)","line":7,"loc":{"start":{"line":7,"column":19},"end":{"line":7,"column":31}}},"2":{"name":"defineProperties","line":7,"loc":{"start":{"line":7,"column":33},"end":{"line":7,"column":74}}},"3":{"name":"(anonymous_3)","line":7,"loc":{"start":{"line":7,"column":357},"end":{"line":7,"column":405}}},"4":{"name":"_interopRequireDefault","line":15,"loc":{"start":{"line":15,"column":0},"end":{"line":15,"column":37}}},"5":{"name":"_classCallCheck","line":17,"loc":{"start":{"line":17,"column":0},"end":{"line":17,"column":48}}},"6":{"name":"_possibleConstructorReturn","line":19,"loc":{"start":{"line":19,"column":0},"end":{"line":19,"column":48}}},"7":{"name":"_inherits","line":21,"loc":{"start":{"line":21,"column":0},"end":{"line":21,"column":41}}},"8":{"name":"(anonymous_8)","line":23,"loc":{"start":{"line":23,"column":11},"end":{"line":23,"column":39}}},"9":{"name":"Form","line":26,"loc":{"start":{"line":26,"column":2},"end":{"line":26,"column":23}}},"10":{"name":"handleInputTitle","line":40,"loc":{"start":{"line":40,"column":11},"end":{"line":40,"column":40}}},"11":{"name":"handleInputContent","line":46,"loc":{"start":{"line":46,"column":11},"end":{"line":46,"column":42}}},"12":{"name":"_formSubmit","line":52,"loc":{"start":{"line":52,"column":11},"end":{"line":52,"column":35}}},"13":{"name":"render","line":58,"loc":{"start":{"line":58,"column":11},"end":{"line":58,"column":29}}}},"statementMap":{"1":{"start":{"line":3,"column":0},"end":{"line":5,"column":3}},"2":{"start":{"line":7,"column":0},"end":{"line":7,"column":564}},"3":{"start":{"line":7,"column":33},"end":{"line":7,"column":349}},"4":{"start":{"line":7,"column":76},"end":{"line":7,"column":347}},"5":{"start":{"line":7,"column":117},"end":{"line":7,"column":143}},"6":{"start":{"line":7,"column":144},"end":{"line":7,"column":199}},"7":{"start":{"line":7,"column":200},"end":{"line":7,"column":231}},"8":{"start":{"line":7,"column":232},"end":{"line":7,"column":286}},"9":{"start":{"line":7,"column":259},"end":{"line":7,"column":286}},"10":{"start":{"line":7,"column":287},"end":{"line":7,"column":345}},"11":{"start":{"line":7,"column":350},"end":{"line":7,"column":559}},"12":{"start":{"line":7,"column":407},"end":{"line":7,"column":475}},"13":{"start":{"line":7,"column":423},"end":{"line":7,"column":475}},"14":{"start":{"line":7,"column":476},"end":{"line":7,"column":536}},"15":{"start":{"line":7,"column":493},"end":{"line":7,"column":536}},"16":{"start":{"line":7,"column":537},"end":{"line":7,"column":556}},"17":{"start":{"line":9,"column":0},"end":{"line":9,"column":30}},"18":{"start":{"line":11,"column":0},"end":{"line":11,"column":45}},"19":{"start":{"line":13,"column":0},"end":{"line":13,"column":49}},"20":{"start":{"line":15,"column":0},"end":{"line":15,"column":95}},"21":{"start":{"line":15,"column":39},"end":{"line":15,"column":93}},"22":{"start":{"line":17,"column":0},"end":{"line":17,"column":153}},"23":{"start":{"line":17,"column":50},"end":{"line":17,"column":151}},"24":{"start":{"line":17,"column":92},"end":{"line":17,"column":149}},"25":{"start":{"line":19,"column":0},"end":{"line":19,"column":240}},"26":{"start":{"line":19,"column":50},"end":{"line":19,"column":151}},"27":{"start":{"line":19,"column":63},"end":{"line":19,"column":149}},"28":{"start":{"line":19,"column":152},"end":{"line":19,"column":238}},"29":{"start":{"line":21,"column":0},"end":{"line":21,"column":494}},"30":{"start":{"line":21,"column":43},"end":{"line":21,"column":208}},"31":{"start":{"line":21,"column":106},"end":{"line":21,"column":206}},"32":{"start":{"line":21,"column":209},"end":{"line":21,"column":373}},"33":{"start":{"line":21,"column":374},"end":{"line":21,"column":492}},"34":{"start":{"line":21,"column":390},"end":{"line":21,"column":492}},"35":{"start":{"line":23,"column":0},"end":{"line":85,"column":29}},"36":{"start":{"line":24,"column":2},"end":{"line":24,"column":36}},"37":{"start":{"line":26,"column":2},"end":{"line":36,"column":3}},"38":{"start":{"line":27,"column":4},"end":{"line":27,"column":32}},"39":{"start":{"line":29,"column":4},"end":{"line":29,"column":96}},"40":{"start":{"line":31,"column":4},"end":{"line":31,"column":34}},"41":{"start":{"line":32,"column":4},"end":{"line":32,"column":64}},"42":{"start":{"line":33,"column":4},"end":{"line":33,"column":68}},"43":{"start":{"line":34,"column":4},"end":{"line":34,"column":54}},"44":{"start":{"line":35,"column":4},"end":{"line":35,"column":17}},"45":{"start":{"line":38,"column":2},"end":{"line":82,"column":6}},"46":{"start":{"line":41,"column":6},"end":{"line":41,"column":48}},"47":{"start":{"line":42,"column":6},"end":{"line":42,"column":54}},"48":{"start":{"line":47,"column":6},"end":{"line":47,"column":50}},"49":{"start":{"line":48,"column":6},"end":{"line":48,"column":56}},"50":{"start":{"line":53,"column":6},"end":{"line":53,"column":25}},"51":{"start":{"line":54,"column":6},"end":{"line":54,"column":48}},"52":{"start":{"line":59,"column":6},"end":{"line":59,"column":39}},"53":{"start":{"line":60,"column":6},"end":{"line":80,"column":8}},"54":{"start":{"line":84,"column":2},"end":{"line":84,"column":14}},"55":{"start":{"line":87,"column":0},"end":{"line":87,"column":23}}},"branchMap":{"1":{"line":7,"type":"binary-expr","locations":[{"start":{"line":7,"column":168},"end":{"line":7,"column":189}},{"start":{"line":7,"column":193},"end":{"line":7,"column":198}}]},"2":{"line":7,"type":"if","locations":[{"start":{"line":7,"column":232},"end":{"line":7,"column":232}},{"start":{"line":7,"column":232},"end":{"line":7,"column":232}}]},"3":{"line":7,"type":"if","locations":[{"start":{"line":7,"column":407},"end":{"line":7,"column":407}},{"start":{"line":7,"column":407},"end":{"line":7,"column":407}}]},"4":{"line":7,"type":"if","locations":[{"start":{"line":7,"column":476},"end":{"line":7,"column":476}},{"start":{"line":7,"column":476},"end":{"line":7,"column":476}}]},"5":{"line":15,"type":"cond-expr","locations":[{"start":{"line":15,"column":70},"end":{"line":15,"column":73}},{"start":{"line":15,"column":76},"end":{"line":15,"column":92}}]},"6":{"line":15,"type":"binary-expr","locations":[{"start":{"line":15,"column":46},"end":{"line":15,"column":49}},{"start":{"line":15,"column":53},"end":{"line":15,"column":67}}]},"7":{"line":17,"type":"if","locations":[{"start":{"line":17,"column":50},"end":{"line":17,"column":50}},{"start":{"line":17,"column":50},"end":{"line":17,"column":50}}]},"8":{"line":19,"type":"if","locations":[{"start":{"line":19,"column":50},"end":{"line":19,"column":50}},{"start":{"line":19,"column":50},"end":{"line":19,"column":50}}]},"9":{"line":19,"type":"cond-expr","locations":[{"start":{"line":19,"column":226},"end":{"line":19,"column":230}},{"start":{"line":19,"column":233},"end":{"line":19,"column":237}}]},"10":{"line":19,"type":"binary-expr","locations":[{"start":{"line":19,"column":159},"end":{"line":19,"column":163}},{"start":{"line":19,"column":168},"end":{"line":19,"column":192}},{"start":{"line":19,"column":196},"end":{"line":19,"column":222}}]},"11":{"line":21,"type":"if","locations":[{"start":{"line":21,"column":43},"end":{"line":21,"column":43}},{"start":{"line":21,"column":43},"end":{"line":21,"column":43}}]},"12":{"line":21,"type":"binary-expr","locations":[{"start":{"line":21,"column":47},"end":{"line":21,"column":79}},{"start":{"line":21,"column":83},"end":{"line":21,"column":102}}]},"13":{"line":21,"type":"binary-expr","locations":[{"start":{"line":21,"column":244},"end":{"line":21,"column":254}},{"start":{"line":21,"column":258},"end":{"line":21,"column":278}}]},"14":{"line":21,"type":"if","locations":[{"start":{"line":21,"column":374},"end":{"line":21,"column":374}},{"start":{"line":21,"column":374},"end":{"line":21,"column":374}}]},"15":{"line":21,"type":"cond-expr","locations":[{"start":{"line":21,"column":414},"end":{"line":21,"column":457}},{"start":{"line":21,"column":460},"end":{"line":21,"column":491}}]}},"l":{"3":1,"7":4,"9":1,"11":1,"13":1,"15":1,"17":1,"19":1,"21":1,"23":1,"24":1,"26":1,"27":0,"29":0,"31":0,"32":0,"33":0,"34":0,"35":0,"38":1,"41":0,"42":0,"47":0,"48":0,"53":0,"54":0,"59":0,"60":0,"84":1,"87":1}},
[...]
"/Users/techdojo/Projects/reactframework/app/components/users/EditUserProfileChild.jsx":{"path":"/Users/techdojo/Projects/reactframework/app/components/users/EditUserProfileChild.jsx","s":{"1":1,"2":1,"3":1,"4":1,"5":8,"6":8,"7":8,"8":8,"9":8,"10":8,"11":1,"12":1,"13":1,"14":1,"15":0,"16":1,"17":1,"18":1,"19":1,"20":1,"21":1,"22":1,"23":2,"24":1,"25":0,"26":0,"27":1,"28":0,"29":0,"30":0,"31":1,"32":1,"33":0,"34":1,"35":1,"36":1,"37":1,"38":1,"39":1,"40":0,"41":0,"42":0,"43":0,"44":0,"45":0,"46":0,"47":0,"48":0,"49":0,"50":0,"51":0,"52":0,"53":0,"54":1,"55":0,"56":0,"57":0,"58":0,"59":0,"60":0,"61":0,"62":0,"63":0,"64":0,"65":0,"66":0,"67":0,"68":0,"69":0,"70":0,"71":0,"72":0,"73":0,"74":0,"75":0,"76":0,"77":0,"78":0,"79":0,"80":0,"81":0,"82":0,"83":0,"84":0,"85":0,"86":0,"87":0,"88":0,"89":0,"90":1,"91":1},"b":{"1":[8,8],"2":[8,0],"3":[1,0],"4":[0,1],"5":[0,2],"6":[2,2],"7":[0,0],"8":[0,0],"9":[0,0],"10":[0,0,0],"11":[0,1],"12":[1,0],"13":[1,1],"14":[1,0],"15":[1,0],"16":[0,0],"17":[0,0],"18":[0,0],"19":[0,0],"20":[0,0],"21":[0,0],"22":[0,0],"23":[0,0],"24":[0,0]},"f":{"1":1,"2":1,"3":1,"4":2,"5":0,"6":0,"7":1,"8":1,"9":0,"10":0,"11":0,"12":0,"13":0,"14":0,"15":0,"16":0,"17":0},"fnMap":{"1":{"name":"(anonymous_1)","line":7,"loc":{"start":{"line":7,"column":19},"end":{"line":7,"column":31}}},"2":{"name":"defineProperties","line":7,"loc":{"start":{"line":7,"column":33},"end":{"line":7,"column":74}}},"3":{"name":"(anonymous_3)","line":7,"loc":{"start":{"line":7,"column":357},"end":{"line":7,"column":405}}},"4":{"name":"_interopRequireDefault","line":19,"loc":{"start":{"line":19,"column":0},"end":{"line":19,"column":37}}},"5":{"name":"_classCallCheck","line":21,"loc":{"start":{"line":21,"column":0},"end":{"line":21,"column":48}}},"6":{"name":"_possibleConstructorReturn","line":23,"loc":{"start":{"line":23,"column":0},"end":{"line":23,"column":48}}},"7":{"name":"_inherits","line":25,"loc":{"start":{"line":25,"column":0},"end":{"line":25,"column":41}}},"8":{"name":"(anonymous_8)","line":27,"loc":{"start":{"line":27,"column":27},"end":{"line":27,"column":55}}},"9":{"name":"EditUserProfileChild","line":30,"loc":{"start":{"line":30,"column":2},"end":{"line":30,"column":39}}},"10":{"name":"validateEmail","line":51,"loc":{"start":{"line":51,"column":11},"end":{"line":51,"column":41}}},"11":{"name":"handleInputEditFirstName","line":58,"loc":{"start":{"line":58,"column":11},"end":{"line":58,"column":48}}},"12":{"name":"handleInputEditLastName","line":65,"loc":{"start":{"line":65,"column":11},"end":{"line":65,"column":47}}},"13":{"name":"handleInputEditEmail","line":72,"loc":{"start":{"line":72,"column":11},"end":{"line":72,"column":44}}},"14":{"name":"handleInputEditUserName","line":79,"loc":{"start":{"line":79,"column":11},"end":{"line":79,"column":47}}},"15":{"name":"handleInputPassword","line":86,"loc":{"start":{"line":86,"column":11},"end":{"line":86,"column":43}}},"16":{"name":"formSubmit","line":99,"loc":{"start":{"line":99,"column":11},"end":{"line":99,"column":34}}},"17":{"name":"render","line":117,"loc":{"start":{"line":117,"column":11},"end":{"line":117,"column":29}}}},"statementMap":{"1":{"start":{"line":3,"column":0},"end":{"line":5,"column":3}},"2":{"start":{"line":7,"column":0},"end":{"line":7,"column":564}},"3":{"start":{"line":7,"column":33},"end":{"line":7,"column":349}},"4":{"start":{"line":7,"column":76},"end":{"line":7,"column":347}},"5":{"start":{"line":7,"column":117},"end":{"line":7,"column":143}},"6":{"start":{"line":7,"column":144},"end":{"line":7,"column":199}},"7":{"start":{"line":7,"column":200},"end":{"line":7,"column":231}},"8":{"start":{"line":7,"column":232},"end":{"line":7,"column":286}},"9":{"start":{"line":7,"column":259},"end":{"line":7,"column":286}},"10":{"start":{"line":7,"column":287},"end":{"line":7,"column":345}},"11":{"start":{"line":7,"column":350},"end":{"line":7,"column":559}},"12":{"start":{"line":7,"column":407},"end":{"line":7,"column":475}},"13":{"start":{"line":7,"column":423},"end":{"line":7,"column":475}},"14":{"start":{"line":7,"column":476},"end":{"line":7,"column":536}},"15":{"start":{"line":7,"column":493},"end":{"line":7,"column":536}},"16":{"start":{"line":7,"column":537},"end":{"line":7,"column":556}},"17":{"start":{"line":9,"column":0},"end":{"line":9,"column":30}},"18":{"start":{"line":11,"column":0},"end":{"line":11,"column":45}},"19":{"start":{"line":13,"column":0},"end":{"line":13,"column":57}},"20":{"start":{"line":15,"column":0},"end":{"line":15,"column":53}},"21":{"start":{"line":17,"column":0},"end":{"line":17,"column":49}},"22":{"start":{"line":19,"column":0},"end":{"line":19,"column":95}},"23":{"start":{"line":19,"column":39},"end":{"line":19,"column":93}},"24":{"start":{"line":21,"column":0},"end":{"line":21,"column":153}},"25":{"start":{"line":21,"column":50},"end":{"line":21,"column":151}},"26":{"start":{"line":21,"column":92},"end":{"line":21,"column":149}},"27":{"start":{"line":23,"column":0},"end":{"line":23,"column":240}},"28":{"start":{"line":23,"column":50},"end":{"line":23,"column":151}},"29":{"start":{"line":23,"column":63},"end":{"line":23,"column":149}},"30":{"start":{"line":23,"column":152},"end":{"line":23,"column":238}},"31":{"start":{"line":25,"column":0},"end":{"line":25,"column":494}},"32":{"start":{"line":25,"column":43},"end":{"line":25,"column":208}},"33":{"start":{"line":25,"column":106},"end":{"line":25,"column":206}},"34":{"start":{"line":25,"column":209},"end":{"line":25,"column":373}},"35":{"start":{"line":25,"column":374},"end":{"line":25,"column":492}},"36":{"start":{"line":25,"column":390},"end":{"line":25,"column":492}},"37":{"start":{"line":27,"column":0},"end":{"line":173,"column":29}},"38":{"start":{"line":28,"column":2},"end":{"line":28,"column":52}},"39":{"start":{"line":30,"column":2},"end":{"line":47,"column":3}},"40":{"start":{"line":31,"column":4},"end":{"line":31,"column":48}},"41":{"start":{"line":33,"column":4},"end":{"line":33,"column":112}},"42":{"start":{"line":35,"column":4},"end":{"line":35,"column":32}},"43":{"start":{"line":36,"column":4},"end":{"line":36,"column":31}},"44":{"start":{"line":37,"column":4},"end":{"line":37,"column":28}},"45":{"start":{"line":38,"column":4},"end":{"line":38,"column":31}},"46":{"start":{"line":39,"column":4},"end":{"line":39,"column":31}},"47":{"start":{"line":40,"column":4},"end":{"line":40,"column":80}},"48":{"start":{"line":41,"column":4},"end":{"line":41,"column":78}},"49":{"start":{"line":42,"column":4},"end":{"line":42,"column":72}},"50":{"start":{"line":43,"column":4},"end":{"line":43,"column":78}},"51":{"start":{"line":44,"column":4},"end":{"line":44,"column":70}},"52":{"start":{"line":45,"column":4},"end":{"line":45,"column":52}},"53":{"start":{"line":46,"column":4},"end":{"line":46,"column":17}},"54":{"start":{"line":49,"column":2},"end":{"line":170,"column":6}},"55":{"start":{"line":52,"column":6},"end":{"line":52,"column":100}},"56":{"start":{"line":53,"column":6},"end":{"line":53,"column":91}},"57":{"start":{"line":54,"column":6},"end":{"line":54,"column":28}},"58":{"start":{"line":59,"column":6},"end":{"line":59,"column":65}},"59":{"start":{"line":60,"column":6},"end":{"line":60,"column":57}},"60":{"start":{"line":61,"column":6},"end":{"line":61,"column":67}},"61":{"start":{"line":66,"column":6},"end":{"line":66,"column":64}},"62":{"start":{"line":67,"column":6},"end":{"line":67,"column":56}},"63":{"start":{"line":68,"column":6},"end":{"line":68,"column":66}},"64":{"start":{"line":73,"column":6},"end":{"line":73,"column":59}},"65":{"start":{"line":74,"column":6},"end":{"line":74,"column":53}},"66":{"start":{"line":75,"column":6},"end":{"line":75,"column":63}},"67":{"start":{"line":80,"column":6},"end":{"line":80,"column":64}},"68":{"start":{"line":81,"column":6},"end":{"line":81,"column":56}},"69":{"start":{"line":82,"column":6},"end":{"line":82,"column":66}},"70":{"start":{"line":87,"column":6},"end":{"line":93,"column":7}},"71":{"start":{"line":88,"column":8},"end":{"line":88,"column":58}},"72":{"start":{"line":89,"column":8},"end":{"line":89,"column":35}},"73":{"start":{"line":91,"column":8},"end":{"line":91,"column":34}},"74":{"start":{"line":92,"column":8},"end":{"line":92,"column":58}},"75":{"start":{"line":95,"column":6},"end":{"line":95,"column":62}},"76":{"start":{"line":100,"column":6},"end":{"line":100,"column":25}},"77":{"start":{"line":101,"column":6},"end":{"line":113,"column":7}},"78":{"start":{"line":102,"column":8},"end":{"line":102,"column":64}},"79":{"start":{"line":103,"column":13},"end":{"line":113,"column":7}},"80":{"start":{"line":104,"column":8},"end":{"line":104,"column":63}},"81":{"start":{"line":105,"column":13},"end":{"line":113,"column":7}},"82":{"start":{"line":106,"column":8},"end":{"line":106,"column":71}},"83":{"start":{"line":107,"column":13},"end":{"line":113,"column":7}},"84":{"start":{"line":108,"column":8},"end":{"line":108,"column":63}},"85":{"start":{"line":109,"column":13},"end":{"line":113,"column":7}},"86":{"start":{"line":110,"column":8},"end":{"line":110,"column":80}},"87":{"start":{"line":112,"column":8},"end":{"line":112,"column":55}},"88":{"start":{"line":118,"column":6},"end":{"line":118,"column":45}},"89":{"start":{"line":119,"column":6},"end":{"line":168,"column":8}},"90":{"start":{"line":172,"column":2},"end":{"line":172,"column":30}},"91":{"start":{"line":175,"column":0},"end":{"line":175,"column":39}}},"branchMap":{"1":{"line":7,"type":"binary-expr","locations":[{"start":{"line":7,"column":168},"end":{"line":7,"column":189}},{"start":{"line":7,"column":193},"end":{"line":7,"column":198}}]},"2":{"line":7,"type":"if","locations":[{"start":{"line":7,"column":232},"end":{"line":7,"column":232}},{"start":{"line":7,"column":232},"end":{"line":7,"column":232}}]},"3":{"line":7,"type":"if","locations":[{"start":{"line":7,"column":407},"end":{"line":7,"column":407}},{"start":{"line":7,"column":407},"end":{"line":7,"column":407}}]},"4":{"line":7,"type":"if","locations":[{"start":{"line":7,"column":476},"end":{"line":7,"column":476}},{"start":{"line":7,"column":476},"end":{"line":7,"column":476}}]},"5":{"line":19,"type":"cond-expr","locations":[{"start":{"line":19,"column":70},"end":{"line":19,"column":73}},{"start":{"line":19,"column":76},"end":{"line":19,"column":92}}]},"6":{"line":19,"type":"binary-expr","locations":[{"start":{"line":19,"column":46},"end":{"line":19,"column":49}},{"start":{"line":19,"column":53},"end":{"line":19,"column":67}}]},"7":{"line":21,"type":"if","locations":[{"start":{"line":21,"column":50},"end":{"line":21,"column":50}},{"start":{"line":21,"column":50},"end":{"line":21,"column":50}}]},"8":{"line":23,"type":"if","locations":[{"start":{"line":23,"column":50},"end":{"line":23,"column":50}},{"start":{"line":23,"column":50},"end":{"line":23,"column":50}}]},"9":{"line":23,"type":"cond-expr","locations":[{"start":{"line":23,"column":226},"end":{"line":23,"column":230}},{"start":{"line":23,"column":233},"end":{"line":23,"column":237}}]},"10":{"line":23,"type":"binary-expr","locations":[{"start":{"line":23,"column":159},"end":{"line":23,"column":163}},{"start":{"line":23,"column":168},"end":{"line":23,"column":192}},{"start":{"line":23,"column":196},"end":{"line":23,"column":222}}]},"11":{"line":25,"type":"if","locations":[{"start":{"line":25,"column":43},"end":{"line":25,"column":43}},{"start":{"line":25,"column":43},"end":{"line":25,"column":43}}]},"12":{"line":25,"type":"binary-expr","locations":[{"start":{"line":25,"column":47},"end":{"line":25,"column":79}},{"start":{"line":25,"column":83},"end":{"line":25,"column":102}}]},"13":{"line":25,"type":"binary-expr","locations":[{"start":{"line":25,"column":244},"end":{"line":25,"column":254}},{"start":{"line":25,"column":258},"end":{"line":25,"column":278}}]},"14":{"line":25,"type":"if","locations":[{"start":{"line":25,"column":374},"end":{"line":25,"column":374}},{"start":{"line":25,"column":374},"end":{"line":25,"column":374}}]},"15":{"line":25,"type":"cond-expr","locations":[{"start":{"line":25,"column":414},"end":{"line":25,"column":457}},{"start":{"line":25,"column":460},"end":{"line":25,"column":491}}]},"16":{"line":59,"type":"cond-expr","locations":[{"start":{"line":59,"column":52},"end":{"line":59,"column":56}},{"start":{"line":59,"column":59},"end":{"line":59,"column":64}}]},"17":{"line":66,"type":"cond-expr","locations":[{"start":{"line":66,"column":51},"end":{"line":66,"column":55}},{"start":{"line":66,"column":58},"end":{"line":66,"column":63}}]},"18":{"line":80,"type":"cond-expr","locations":[{"start":{"line":80,"column":51},"end":{"line":80,"column":55}},{"start":{"line":80,"column":58},"end":{"line":80,"column":63}}]},"19":{"line":87,"type":"if","locations":[{"start":{"line":87,"column":6},"end":{"line":87,"column":6}},{"start":{"line":87,"column":6},"end":{"line":87,"column":6}}]},"20":{"line":101,"type":"if","locations":[{"start":{"line":101,"column":6},"end":{"line":101,"column":6}},{"start":{"line":101,"column":6},"end":{"line":101,"column":6}}]},"21":{"line":103,"type":"if","locations":[{"start":{"line":103,"column":13},"end":{"line":103,"column":13}},{"start":{"line":103,"column":13},"end":{"line":103,"column":13}}]},"22":{"line":105,"type":"if","locations":[{"start":{"line":105,"column":13},"end":{"line":105,"column":13}},{"start":{"line":105,"column":13},"end":{"line":105,"column":13}}]},"23":{"line":107,"type":"if","locations":[{"start":{"line":107,"column":13},"end":{"line":107,"column":13}},{"start":{"line":107,"column":13},"end":{"line":107,"column":13}}]},"24":{"line":109,"type":"if","locations":[{"start":{"line":109,"column":13},"end":{"line":109,"column":13}},{"start":{"line":109,"column":13},"end":{"line":109,"column":13}}]}},"l":{"3":1,"7":8,"9":1,"11":1,"13":1,"15":1,"17":1,"19":2,"21":1,"23":1,"25":1,"27":1,"28":1,"30":1,"31":0,"33":0,"35":0,"36":0,"37":0,"38":0,"39":0,"40":0,"41":0,"42":0,"43":0,"44":0,"45":0,"46":0,"49":1,"52":0,"53":0,"54":0,"59":0,"60":0,"61":0,"66":0,"67":0,"68":0,"73":0,"74":0,"75":0,"80":0,"81":0,"82":0,"87":0,"88":0,"89":0,"91":0,"92":0,"95":0,"100":0,"101":0,"102":0,"103":0,"104":0,"105":0,"106":0,"107":0,"108":0,"109":0,"110":0,"112":0,"118":0,"119":0,"172":1,"175":1}},
"/Users/techdojo/Projects/reactframework/server/models/Article.js":{"path":"/Users/techdojo/Projects/reactframework/server/models/Article.js","s":{"1":1,"2":1,"3":1,"4":1,"5":1},"b":{},"f":{},"fnMap":{},"statementMap":{"1":{"start":{"line":3,"column":0},"end":{"line":3,"column":35}},"2":{"start":{"line":4,"column":0},"end":{"line":4,"column":29}},"3":{"start":{"line":5,"column":0},"end":{"line":31,"column":2}},"4":{"start":{"line":33,"column":0},"end":{"line":33,"column":67}},"5":{"start":{"line":34,"column":0},"end":{"line":34,"column":25}}},"branchMap":{},"l":{"3":1,"4":1,"5":1,"33":1,"34":1}},
"/Users/techdojo/Projects/reactframework/server/models/User.js":{"path":"/Users/techdojo/Projects/reactframework/server/models/User.js","s":{"1":1,"2":1,"3":0,"4":1,"5":0,"6":1,"7":1,"8":0,"9":0,"10":0,"11":0,"12":1,"13":0,"14":0,"15":0,"16":1,"17":0,"18":1,"19":1},"b":{"1":[0,0,0],"2":[0,0,0],"3":[0,0],"4":[0,0],"5":[0,0],"6":[0,0]},"f":{"1":0,"2":0,"3":0,"4":0,"5":0},"fnMap":{"1":{"name":"validateLocalStrategyProperty","line":14,"loc":{"start":{"line":14,"column":36},"end":{"line":14,"column":85}}},"2":{"name":"validateLocalStrategyPassword","line":21,"loc":{"start":{"line":21,"column":36},"end":{"line":21,"column":85}}},"3":{"name":"(anonymous_3)","line":121,"loc":{"start":{"line":121,"column":23},"end":{"line":121,"column":39}}},"4":{"name":"(anonymous_4)","line":133,"loc":{"start":{"line":133,"column":34},"end":{"line":133,"column":54}}},"5":{"name":"(anonymous_5)","line":144,"loc":{"start":{"line":144,"column":34},"end":{"line":144,"column":54}}}},"statementMap":{"1":{"start":{"line":7,"column":0},"end":{"line":9,"column":31}},"2":{"start":{"line":14,"column":0},"end":{"line":16,"column":2}},"3":{"start":{"line":15,"column":4},"end":{"line":15,"column":73}},"4":{"start":{"line":21,"column":0},"end":{"line":23,"column":2}},"5":{"start":{"line":22,"column":4},"end":{"line":22,"column":72}},"6":{"start":{"line":28,"column":0},"end":{"line":116,"column":3}},"7":{"start":{"line":121,"column":0},"end":{"line":128,"column":3}},"8":{"start":{"line":122,"column":4},"end":{"line":125,"column":5}},"9":{"start":{"line":123,"column":8},"end":{"line":123,"column":84}},"10":{"start":{"line":124,"column":8},"end":{"line":124,"column":57}},"11":{"start":{"line":127,"column":4},"end":{"line":127,"column":11}},"12":{"start":{"line":133,"column":0},"end":{"line":139,"column":2}},"13":{"start":{"line":134,"column":4},"end":{"line":138,"column":5}},"14":{"start":{"line":135,"column":8},"end":{"line":135,"column":84}},"15":{"start":{"line":137,"column":8},"end":{"line":137,"column":24}},"16":{"start":{"line":144,"column":0},"end":{"line":146,"column":2}},"17":{"start":{"line":145,"column":4},"end":{"line":145,"column":57}},"18":{"start":{"line":148,"column":0},"end":{"line":148,"column":55}},"19":{"start":{"line":149,"column":0},"end":{"line":149,"column":22}}},"branchMap":{"1":{"line":15,"type":"binary-expr","locations":[{"start":{"line":15,"column":11},"end":{"line":15,"column":36}},{"start":{"line":15,"column":40},"end":{"line":15,"column":53}},{"start":{"line":15,"column":57},"end":{"line":15,"column":72}}]},"2":{"line":22,"type":"binary-expr","locations":[{"start":{"line":22,"column":11},"end":{"line":22,"column":36}},{"start":{"line":22,"column":40},"end":{"line":22,"column":48}},{"start":{"line":22,"column":52},"end":{"line":22,"column":71}}]},"3":{"line":122,"type":"if","locations":[{"start":{"line":122,"column":4},"end":{"line":122,"column":4}},{"start":{"line":122,"column":4},"end":{"line":122,"column":4}}]},"4":{"line":122,"type":"binary-expr","locations":[{"start":{"line":122,"column":8},"end":{"line":122,"column":21}},{"start":{"line":122,"column":25},"end":{"line":122,"column":49}}]},"5":{"line":134,"type":"if","locations":[{"start":{"line":134,"column":4},"end":{"line":134,"column":4}},{"start":{"line":134,"column":4},"end":{"line":134,"column":4}}]},"6":{"line":134,"type":"binary-expr","locations":[{"start":{"line":134,"column":8},"end":{"line":134,"column":17}},{"start":{"line":134,"column":21},"end":{"line":134,"column":29}}]}},"l":{"7":1,"14":1,"15":0,"21":1,"22":0,"28":1,"121":1,"122":0,"123":0,"124":0,"127":0,"133":1,"134":0,"135":0,"137":0,"144":1,"145":0,"148":1,"149":1}},
"/Users/techdojo/Projects/reactframework/server/routes/article.server.routes.js":{"path":"/Users/techdojo/Projects/reactframework/server/routes/article.server.routes.js","s":{"1":1,"2":0,"3":0,"4":0,"5":0,"6":0,"7":0},"b":{},"f":{"1":0},"fnMap":{"1":{"name":"(anonymous_1)","line":3,"loc":{"start":{"line":3,"column":17},"end":{"line":3,"column":32}}}},"statementMap":{"1":{"start":{"line":3,"column":0},"end":{"line":15,"column":2}},"2":{"start":{"line":5,"column":1},"end":{"line":5,"column":74}},"3":{"start":{"line":6,"column":1},"end":{"line":6,"column":68}},"4":{"start":{"line":8,"column":1},"end":{"line":8,"column":90}},"5":{"start":{"line":10,"column":1},"end":{"line":10,"column":112}},"6":{"start":{"line":12,"column":1},"end":{"line":12,"column":114}},"7":{"start":{"line":14,"column":1},"end":{"line":14,"column":46}}},"branchMap":{},"l":{"3":1,"5":0,"6":0,"8":0,"10":0,"12":0,"14":0}}}
