{"/Users/techdojo/Projects/reactframework/server/controllers/articles.server.controller.js":{"path":"/Users/techdojo/Projects/reactframework/server/controllers/articles.server.controller.js","s":{"1":1,"2":1,"3":1,"4":1,"5":1,"6":0,"7":0,"8":0,"9":0,"10":1,"11":0,"12":0,"13":0,"14":0,"15":0,"16":0,"17":1,"18":0,"19":1,"20":0,"21":0,"22":0,"23":0,"24":0,"25":1,"26":0,"27":0,"28":0,"29":0,"30":0,"31":0,"32":1,"33":0,"34":0,"35":0,"36":0,"37":0,"38":0,"39":0},"b":{"1":[0,0],"2":[0,0],"3":[0,0],"4":[0,0],"5":[0,0],"6":[0,0]},"f":{"1":0,"2":0,"3":0,"4":0,"5":0,"6":0,"7":0,"8":0,"9":0,"10":0,"11":0},"fnMap":{"1":{"name":"(anonymous_1)","line":6,"loc":{"start":{"line":6,"column":22},"end":{"line":6,"column":41}}},"2":{"name":"(anonymous_2)","line":7,"loc":{"start":{"line":7,"column":15},"end":{"line":7,"column":35}}},"3":{"name":"(anonymous_3)","line":19,"loc":{"start":{"line":19,"column":24},"end":{"line":19,"column":43}}},"4":{"name":"(anonymous_4)","line":22,"loc":{"start":{"line":22,"column":15},"end":{"line":22,"column":35}}},"5":{"name":"(anonymous_5)","line":34,"loc":{"start":{"line":34,"column":22},"end":{"line":34,"column":41}}},"6":{"name":"(anonymous_6)","line":39,"loc":{"start":{"line":39,"column":17},"end":{"line":39,"column":36}}},"7":{"name":"(anonymous_7)","line":41,"loc":{"start":{"line":41,"column":16},"end":{"line":41,"column":30}}},"8":{"name":"(anonymous_8)","line":51,"loc":{"start":{"line":51,"column":24},"end":{"line":51,"column":43}}},"9":{"name":"(anonymous_9)","line":56,"loc":{"start":{"line":56,"column":16},"end":{"line":56,"column":30}}},"10":{"name":"(anonymous_10)","line":65,"loc":{"start":{"line":65,"column":22},"end":{"line":65,"column":51}}},"11":{"name":"(anonymous_11)","line":66,"loc":{"start":{"line":66,"column":53},"end":{"line":66,"column":76}}}},"statementMap":{"1":{"start":{"line":1,"column":0},"end":{"line":1,"column":35}},"2":{"start":{"line":2,"column":0},"end":{"line":2,"column":48}},"3":{"start":{"line":3,"column":0},"end":{"line":3,"column":57}},"4":{"start":{"line":4,"column":0},"end":{"line":4,"column":26}},"5":{"start":{"line":6,"column":0},"end":{"line":17,"column":2}},"6":{"start":{"line":7,"column":2},"end":{"line":16,"column":5}},"7":{"start":{"line":8,"column":4},"end":{"line":15,"column":5}},"8":{"start":{"line":9,"column":6},"end":{"line":12,"column":8}},"9":{"start":{"line":14,"column":6},"end":{"line":14,"column":33}},"10":{"start":{"line":19,"column":0},"end":{"line":32,"column":2}},"11":{"start":{"line":20,"column":2},"end":{"line":20,"column":38}},"12":{"start":{"line":21,"column":2},"end":{"line":21,"column":26}},"13":{"start":{"line":22,"column":2},"end":{"line":31,"column":5}},"14":{"start":{"line":23,"column":4},"end":{"line":30,"column":5}},"15":{"start":{"line":24,"column":6},"end":{"line":27,"column":8}},"16":{"start":{"line":29,"column":6},"end":{"line":29,"column":33}},"17":{"start":{"line":34,"column":0},"end":{"line":36,"column":2}},"18":{"start":{"line":35,"column":2},"end":{"line":35,"column":24}},"19":{"start":{"line":39,"column":0},"end":{"line":48,"column":2}},"20":{"start":{"line":40,"column":1},"end":{"line":40,"column":27}},"21":{"start":{"line":41,"column":1},"end":{"line":47,"column":4}},"22":{"start":{"line":42,"column":2},"end":{"line":46,"column":3}},"23":{"start":{"line":43,"column":3},"end":{"line":43,"column":33}},"24":{"start":{"line":45,"column":3},"end":{"line":45,"column":21}},"25":{"start":{"line":51,"column":0},"end":{"line":63,"column":2}},"26":{"start":{"line":52,"column":2},"end":{"line":52,"column":28}},"27":{"start":{"line":54,"column":3},"end":{"line":54,"column":41}},"28":{"start":{"line":56,"column":3},"end":{"line":62,"column":6}},"29":{"start":{"line":57,"column":4},"end":{"line":61,"column":5}},"30":{"start":{"line":58,"column":5},"end":{"line":58,"column":35}},"31":{"start":{"line":60,"column":5},"end":{"line":60,"column":23}},"32":{"start":{"line":65,"column":0},"end":{"line":72,"column":2}},"33":{"start":{"line":66,"column":1},"end":{"line":71,"column":4}},"34":{"start":{"line":67,"column":2},"end":{"line":67,"column":28}},"35":{"start":{"line":67,"column":11},"end":{"line":67,"column":28}},"36":{"start":{"line":68,"column":2},"end":{"line":68,"column":71}},"37":{"start":{"line":68,"column":16},"end":{"line":68,"column":71}},"38":{"start":{"line":69,"column":2},"end":{"line":69,"column":24}},"39":{"start":{"line":70,"column":2},"end":{"line":70,"column":9}}},"branchMap":{"1":{"line":8,"type":"if","locations":[{"start":{"line":8,"column":4},"end":{"line":8,"column":4}},{"start":{"line":8,"column":4},"end":{"line":8,"column":4}}]},"2":{"line":23,"type":"if","locations":[{"start":{"line":23,"column":4},"end":{"line":23,"column":4}},{"start":{"line":23,"column":4},"end":{"line":23,"column":4}}]},"3":{"line":42,"type":"if","locations":[{"start":{"line":42,"column":2},"end":{"line":42,"column":2}},{"start":{"line":42,"column":2},"end":{"line":42,"column":2}}]},"4":{"line":57,"type":"if","locations":[{"start":{"line":57,"column":4},"end":{"line":57,"column":4}},{"start":{"line":57,"column":4},"end":{"line":57,"column":4}}]},"5":{"line":67,"type":"if","locations":[{"start":{"line":67,"column":2},"end":{"line":67,"column":2}},{"start":{"line":67,"column":2},"end":{"line":67,"column":2}}]},"6":{"line":68,"type":"if","locations":[{"start":{"line":68,"column":2},"end":{"line":68,"column":2}},{"start":{"line":68,"column":2},"end":{"line":68,"column":2}}]}}},"/Users/techdojo/Projects/reactframework/server/models/Article.js":{"path":"/Users/techdojo/Projects/reactframework/server/models/Article.js","s":{"1":1,"2":1,"3":1,"4":1,"5":1},"b":{},"f":{},"fnMap":{},"statementMap":{"1":{"start":{"line":1,"column":0},"end":{"line":1,"column":35}},"2":{"start":{"line":2,"column":0},"end":{"line":2,"column":29}},"3":{"start":{"line":3,"column":0},"end":{"line":29,"column":1}},"4":{"start":{"line":31,"column":0},"end":{"line":31,"column":67}},"5":{"start":{"line":32,"column":0},"end":{"line":32,"column":25}}},"branchMap":{}},"/Users/techdojo/Projects/reactframework/server/controllers/errors.server.controller.js":{"path":"/Users/techdojo/Projects/reactframework/server/controllers/errors.server.controller.js","s":{"1":1,"2":0,"3":0,"4":0,"5":0,"6":0,"7":0,"8":1,"9":0,"10":0,"11":0,"12":0,"13":0,"14":0,"15":0,"16":0,"17":0,"18":0},"b":{"1":[0,0],"2":[0,0,0],"3":[0,0]},"f":{"1":0,"2":0},"fnMap":{"1":{"name":"(anonymous_1)","line":6,"loc":{"start":{"line":6,"column":28},"end":{"line":6,"column":42}}},"2":{"name":"(anonymous_2)","line":23,"loc":{"start":{"line":23,"column":26},"end":{"line":23,"column":40}}}},"statementMap":{"1":{"start":{"line":6,"column":0},"end":{"line":18,"column":2}},"2":{"start":{"line":7,"column":4},"end":{"line":7,"column":15}},"3":{"start":{"line":9,"column":4},"end":{"line":15,"column":5}},"4":{"start":{"line":10,"column":8},"end":{"line":10,"column":100}},"5":{"start":{"line":11,"column":8},"end":{"line":11,"column":92}},"6":{"start":{"line":14,"column":8},"end":{"line":14,"column":47}},"7":{"start":{"line":17,"column":4},"end":{"line":17,"column":18}},"8":{"start":{"line":23,"column":0},"end":{"line":42,"column":2}},"9":{"start":{"line":24,"column":4},"end":{"line":24,"column":21}},"10":{"start":{"line":26,"column":4},"end":{"line":39,"column":5}},"11":{"start":{"line":27,"column":8},"end":{"line":34,"column":9}},"12":{"start":{"line":30,"column":16},"end":{"line":30,"column":53}},"13":{"start":{"line":31,"column":16},"end":{"line":31,"column":22}},"14":{"start":{"line":33,"column":16},"end":{"line":33,"column":49}},"15":{"start":{"line":36,"column":8},"end":{"line":38,"column":9}},"16":{"start":{"line":37,"column":12},"end":{"line":37,"column":83}},"17":{"start":{"line":37,"column":45},"end":{"line":37,"column":83}},"18":{"start":{"line":41,"column":4},"end":{"line":41,"column":19}}},"branchMap":{"1":{"line":26,"type":"if","locations":[{"start":{"line":26,"column":4},"end":{"line":26,"column":4}},{"start":{"line":26,"column":4},"end":{"line":26,"column":4}}]},"2":{"line":27,"type":"switch","locations":[{"start":{"line":28,"column":12},"end":{"line":28,"column":23}},{"start":{"line":29,"column":12},"end":{"line":31,"column":22}},{"start":{"line":32,"column":12},"end":{"line":33,"column":49}}]},"3":{"line":37,"type":"if","locations":[{"start":{"line":37,"column":12},"end":{"line":37,"column":12}},{"start":{"line":37,"column":12},"end":{"line":37,"column":12}}]}}}}