TN:
SF:/Users/techdojo/Projects/reactframework/app/components/App.jsx
FN:65,_interopRequireDefault
FN:72,requireAuth
FN:76,(anonymous_3)
FNF:3
FNH:1
FNDA:14,_interopRequireDefault
FNDA:0,requireAuth
FNDA:0,(anonymous_3)
DA:3,1
DA:7,1
DA:9,1
DA:11,1
DA:13,1
DA:15,1
DA:17,1
DA:19,1
DA:21,1
DA:23,1
DA:25,1
DA:27,1
DA:29,1
DA:31,1
DA:33,1
DA:35,1
DA:37,1
DA:39,1
DA:41,1
DA:43,1
DA:45,1
DA:47,1
DA:49,1
DA:51,1
DA:53,1
DA:55,1
DA:57,1
DA:59,1
DA:61,1
DA:63,1
DA:65,14
DA:67,1
DA:68,1
DA:69,0
DA:72,1
DA:73,0
DA:76,1
DA:77,0
LF:38
LH:35
BRDA:65,1,0,10
BRDA:65,1,1,4
BRDA:65,2,0,14
BRDA:65,2,1,14
BRDA:68,3,0,0
BRDA:68,3,1,1
BRDA:73,4,0,0
BRDA:73,4,1,0
BRF:8
BRH:5
end_of_record
TN:
SF:/Users/techdojo/Projects/reactframework/app/components/core/Template.jsx
FN:7,(anonymous_1)
FN:7,defineProperties
FN:7,(anonymous_3)
FN:21,_interopRequireDefault
FN:23,_classCallCheck
FN:25,_possibleConstructorReturn
FN:27,_inherits
FN:29,(anonymous_8)
FN:32,Template
FN:40,render
FNF:10
FNH:6
FNDA:1,(anonymous_1)
FNDA:1,defineProperties
FNDA:1,(anonymous_3)
FNDA:3,_interopRequireDefault
FNDA:0,_classCallCheck
FNDA:0,_possibleConstructorReturn
FNDA:1,_inherits
FNDA:1,(anonymous_8)
FNDA:0,Template
FNDA:0,render
DA:3,1
DA:7,1
DA:9,1
DA:11,1
DA:13,1
DA:15,1
DA:17,1
DA:19,1
DA:21,3
DA:23,1
DA:25,1
DA:27,1
DA:29,1
DA:30,1
DA:32,1
DA:33,0
DA:35,0
DA:38,1
DA:41,0
DA:51,1
DA:54,1
LF:21
LH:18
BRDA:7,1,0,1
BRDA:7,1,1,1
BRDA:7,2,0,1
BRDA:7,2,1,0
BRDA:7,3,0,1
BRDA:7,3,1,0
BRDA:7,4,0,0
BRDA:7,4,1,1
BRDA:21,5,0,2
BRDA:21,5,1,1
BRDA:21,6,0,3
BRDA:21,6,1,3
BRDA:23,7,0,0
BRDA:23,7,1,0
BRDA:25,8,0,0
BRDA:25,8,1,0
BRDA:25,9,0,0
BRDA:25,9,1,0
BRDA:25,10,0,0
BRDA:25,10,1,0
BRDA:25,10,2,0
BRDA:27,11,0,0
BRDA:27,11,1,1
BRDA:27,12,0,1
BRDA:27,12,1,0
BRDA:27,13,0,1
BRDA:27,13,1,1
BRDA:27,14,0,1
BRDA:27,14,1,0
BRDA:27,15,0,1
BRDA:27,15,1,0
BRF:31
BRH:15
end_of_record
TN:
SF:/Users/techdojo/Projects/reactframework/app/components/core/Header.jsx
FN:7,(anonymous_1)
FN:7,defineProperties
FN:7,(anonymous_3)
FN:27,_interopRequireDefault
FN:29,_classCallCheck
FN:31,_possibleConstructorReturn
FN:33,_inherits
FN:35,(anonymous_8)
FN:38,Header
FN:58,navClick
FN:63,collapse
FN:68,updateAuth
FN:78,componentWillMount
FN:83,render
FNF:14
FNH:6
FNDA:1,(anonymous_1)
FNDA:1,defineProperties
FNDA:1,(anonymous_3)
FNDA:3,_interopRequireDefault
FNDA:0,_classCallCheck
FNDA:0,_possibleConstructorReturn
FNDA:1,_inherits
FNDA:1,(anonymous_8)
FNDA:0,Header
FNDA:0,navClick
FNDA:0,collapse
FNDA:0,updateAuth
FNDA:0,componentWillMount
FNDA:0,render
DA:3,1
DA:7,5
DA:9,1
DA:11,1
DA:13,1
DA:15,1
DA:17,1
DA:19,1
DA:21,1
DA:23,1
DA:25,1
DA:27,3
DA:29,1
DA:31,1
DA:33,1
DA:35,1
DA:36,1
DA:38,1
DA:39,0
DA:41,0
DA:43,0
DA:44,0
DA:45,0
DA:46,0
DA:47,0
DA:48,0
DA:50,0
DA:51,0
DA:52,0
DA:53,0
DA:56,1
DA:59,0
DA:64,0
DA:69,0
DA:70,0
DA:71,0
DA:72,0
DA:73,0
DA:79,0
DA:84,0
DA:194,1
DA:197,1
LF:42
LH:21
BRDA:7,1,0,5
BRDA:7,1,1,5
BRDA:7,2,0,5
BRDA:7,2,1,0
BRDA:7,3,0,1
BRDA:7,3,1,0
BRDA:7,4,0,0
BRDA:7,4,1,1
BRDA:27,5,0,0
BRDA:27,5,1,3
BRDA:27,6,0,3
BRDA:27,6,1,3
BRDA:29,7,0,0
BRDA:29,7,1,0
BRDA:31,8,0,0
BRDA:31,8,1,0
BRDA:31,9,0,0
BRDA:31,9,1,0
BRDA:31,10,0,0
BRDA:31,10,1,0
BRDA:31,10,2,0
BRDA:33,11,0,0
BRDA:33,11,1,1
BRDA:33,12,0,1
BRDA:33,12,1,0
BRDA:33,13,0,1
BRDA:33,13,1,1
BRDA:33,14,0,1
BRDA:33,14,1,0
BRDA:33,15,0,1
BRDA:33,15,1,0
BRDA:72,16,0,0
BRDA:72,16,1,0
BRDA:127,17,0,0
BRDA:127,17,1,0
BRDA:146,18,0,0
BRDA:146,18,1,0
BRDA:179,19,0,0
BRDA:179,19,1,0
BRF:39
BRH:14
end_of_record
TN:
SF:/Users/techdojo/Projects/reactframework/app/services/Authentication.js
FN:14,signup
FN:17,(anonymous_2)
FN:19,(anonymous_3)
FN:22,(anonymous_4)
FN:24,login
FN:35,(anonymous_6)
FN:41,(anonymous_7)
FN:46,getToken
FN:49,getUserId
FN:53,getUserName
FN:56,logout
FN:59,(anonymous_12)
FN:65,(anonymous_13)
FN:67,loggedIn
FN:70,onChange
FNF:15
FNH:0
FNDA:0,signup
FNDA:0,(anonymous_2)
FNDA:0,(anonymous_3)
FNDA:0,(anonymous_4)
FNDA:0,login
FNDA:0,(anonymous_6)
FNDA:0,(anonymous_7)
FNDA:0,getToken
FNDA:0,getUserId
FNDA:0,getUserName
FNDA:0,logout
FNDA:0,(anonymous_12)
FNDA:0,(anonymous_13)
FNDA:0,loggedIn
FNDA:0,onChange
DA:3,1
DA:5,1
DA:7,1
DA:8,1
DA:9,1
DA:10,1
DA:13,1
DA:15,0
DA:17,0
DA:19,0
DA:20,0
DA:25,0
DA:27,0
DA:28,0
DA:29,0
DA:30,0
DA:31,0
DA:32,0
DA:35,0
DA:36,0
DA:37,0
DA:38,0
DA:39,0
DA:40,0
DA:42,0
DA:43,0
DA:47,0
DA:51,0
DA:54,0
DA:57,0
DA:59,0
DA:60,0
DA:61,0
DA:62,0
DA:63,0
DA:64,0
DA:68,0
LF:37
LH:7
BRDA:20,1,0,0
BRDA:20,1,1,0
BRDA:28,2,0,0
BRDA:28,2,1,0
BRDA:29,3,0,0
BRDA:29,3,1,0
BRDA:30,4,0,0
BRDA:30,4,1,0
BRDA:39,5,0,0
BRDA:39,5,1,0
BRDA:42,6,0,0
BRDA:42,6,1,0
BRDA:47,7,0,0
BRDA:47,7,1,0
BRDA:51,8,0,0
BRDA:51,8,1,0
BRDA:54,9,0,0
BRDA:54,9,1,0
BRDA:63,10,0,0
BRDA:63,10,1,0
BRDA:68,11,0,0
BRDA:68,11,1,0
BRF:22
BRH:0
end_of_record
TN:
SF:/Users/techdojo/Projects/reactframework/app/stores/RestAPI_Helper.js
FN:6,get
FN:7,(anonymous_2)
FN:16,del
FN:17,(anonymous_4)
FN:26,post
FN:27,(anonymous_6)
FN:37,put
FN:38,(anonymous_8)
FNF:8
FNH:0
FNDA:0,get
FNDA:0,(anonymous_2)
FNDA:0,del
FNDA:0,(anonymous_4)
FNDA:0,post
FNDA:0,(anonymous_6)
FNDA:0,put
FNDA:0,(anonymous_8)
DA:3,1
DA:5,1
DA:7,0
DA:8,0
DA:17,0
DA:18,0
DA:27,0
DA:28,0
DA:38,0
DA:39,0
LF:10
LH:2
BRF:0
BRH:0
end_of_record
TN:
SF:/Users/techdojo/Projects/reactframework/app/stores/UserStore.jsx
FN:11,UserStore
FN:16,triggerListeners
FN:17,(anonymous_3)
FN:22,fetchUser
FN:23,(anonymous_5)
FN:29,editUser
FN:30,(anonymous_7)
FN:37,getUser
FN:40,getProfileUpdateMsg
FN:43,onChange
FN:47,removeChangeListener
FN:48,(anonymous_12)
FNF:12
FNH:1
FNDA:1,UserStore
FNDA:0,triggerListeners
FNDA:0,(anonymous_3)
FNDA:0,fetchUser
FNDA:0,(anonymous_5)
FNDA:0,editUser
FNDA:0,(anonymous_7)
FNDA:0,getUser
FNDA:0,getProfileUpdateMsg
FNDA:0,onChange
FNDA:0,removeChangeListener
FNDA:0,(anonymous_12)
DA:3,1
DA:5,1
DA:6,1
DA:7,1
DA:8,1
DA:11,1
DA:12,1
DA:16,1
DA:17,0
DA:18,0
DA:22,1
DA:23,0
DA:24,0
DA:25,0
DA:29,1
DA:30,0
DA:31,0
DA:32,0
DA:33,0
DA:37,1
DA:38,0
DA:40,1
DA:41,0
DA:43,1
DA:44,0
DA:47,1
DA:48,0
DA:49,0
DA:51,0
DA:54,1
DA:64,1
LF:31
LH:16
BRF:0
BRH:0
end_of_record
TN:
SF:/Users/techdojo/Projects/reactframework/app/components/core/Footer.jsx
FN:7,(anonymous_1)
FN:7,defineProperties
FN:7,(anonymous_3)
FN:15,_interopRequireDefault
FN:17,_classCallCheck
FN:19,_possibleConstructorReturn
FN:21,_inherits
FN:23,(anonymous_8)
FN:26,Footer
FN:34,render
FNF:10
FNH:6
FNDA:1,(anonymous_1)
FNDA:1,defineProperties
FNDA:1,(anonymous_3)
FNDA:1,_interopRequireDefault
FNDA:0,_classCallCheck
FNDA:0,_possibleConstructorReturn
FNDA:1,_inherits
FNDA:1,(anonymous_8)
FNDA:0,Footer
FNDA:0,render
DA:3,1
DA:7,1
DA:9,1
DA:11,1
DA:13,1
DA:15,1
DA:17,1
DA:19,1
DA:21,1
DA:23,1
DA:24,1
DA:26,1
DA:27,0
DA:29,0
DA:32,1
DA:35,0
DA:96,1
DA:99,1
LF:18
LH:15
BRDA:7,1,0,1
BRDA:7,1,1,1
BRDA:7,2,0,1
BRDA:7,2,1,0
BRDA:7,3,0,1
BRDA:7,3,1,0
BRDA:7,4,0,0
BRDA:7,4,1,1
BRDA:15,5,0,0
BRDA:15,5,1,1
BRDA:15,6,0,1
BRDA:15,6,1,1
BRDA:17,7,0,0
BRDA:17,7,1,0
BRDA:19,8,0,0
BRDA:19,8,1,0
BRDA:19,9,0,0
BRDA:19,9,1,0
BRDA:19,10,0,0
BRDA:19,10,1,0
BRDA:19,10,2,0
BRDA:21,11,0,0
BRDA:21,11,1,1
BRDA:21,12,0,1
BRDA:21,12,1,0
BRDA:21,13,0,1
BRDA:21,13,1,1
BRDA:21,14,0,1
BRDA:21,14,1,0
BRDA:21,15,0,1
BRDA:21,15,1,0
BRF:31
BRH:14
end_of_record
TN:
SF:/Users/techdojo/Projects/reactframework/app/components/core/Home.jsx
FN:7,(anonymous_1)
FN:7,defineProperties
FN:7,(anonymous_3)
FN:17,_interopRequireDefault
FN:19,_classCallCheck
FN:21,_possibleConstructorReturn
FN:23,_inherits
FN:25,(anonymous_8)
FN:28,Home
FN:39,render
FNF:10
FNH:6
FNDA:1,(anonymous_1)
FNDA:1,defineProperties
FNDA:1,(anonymous_3)
FNDA:1,_interopRequireDefault
FNDA:0,_classCallCheck
FNDA:0,_possibleConstructorReturn
FNDA:1,_inherits
FNDA:1,(anonymous_8)
FNDA:0,Home
FNDA:0,render
DA:3,1
DA:7,1
DA:9,1
DA:11,1
DA:13,1
DA:15,1
DA:17,1
DA:19,1
DA:21,1
DA:23,1
DA:25,1
DA:26,1
DA:28,1
DA:29,0
DA:31,0
DA:33,0
DA:34,0
DA:37,1
DA:41,0
DA:185,1
DA:188,1
LF:21
LH:16
BRDA:7,1,0,1
BRDA:7,1,1,1
BRDA:7,2,0,1
BRDA:7,2,1,0
BRDA:7,3,0,1
BRDA:7,3,1,0
BRDA:7,4,0,0
BRDA:7,4,1,1
BRDA:17,5,0,0
BRDA:17,5,1,1
BRDA:17,6,0,1
BRDA:17,6,1,1
BRDA:19,7,0,0
BRDA:19,7,1,0
BRDA:21,8,0,0
BRDA:21,8,1,0
BRDA:21,9,0,0
BRDA:21,9,1,0
BRDA:21,10,0,0
BRDA:21,10,1,0
BRDA:21,10,2,0
BRDA:23,11,0,0
BRDA:23,11,1,1
BRDA:23,12,0,1
BRDA:23,12,1,0
BRDA:23,13,0,1
BRDA:23,13,1,1
BRDA:23,14,0,1
BRDA:23,14,1,0
BRDA:23,15,0,1
BRDA:23,15,1,0
BRF:31
BRH:14
end_of_record
TN:
SF:/Users/techdojo/Projects/reactframework/app/components/articles/CreateArticle.jsx
FN:7,(anonymous_1)
FN:7,defineProperties
FN:7,(anonymous_3)
FN:23,_interopRequireDefault
FN:25,_classCallCheck
FN:27,_possibleConstructorReturn
FN:29,_inherits
FN:31,(anonymous_8)
FN:34,CreateArticle
FN:50,handleInputTitle
FN:55,handleInputContent
FN:60,_formSubmit
FN:65,render
FNF:13
FNH:6
FNDA:1,(anonymous_1)
FNDA:1,defineProperties
FNDA:1,(anonymous_3)
FNDA:3,_interopRequireDefault
FNDA:0,_classCallCheck
FNDA:0,_possibleConstructorReturn
FNDA:1,_inherits
FNDA:1,(anonymous_8)
FNDA:0,CreateArticle
FNDA:0,handleInputTitle
FNDA:0,handleInputContent
FNDA:0,_formSubmit
FNDA:0,render
DA:3,1
DA:7,4
DA:9,1
DA:11,1
DA:13,1
DA:15,1
DA:17,1
DA:19,1
DA:21,1
DA:23,3
DA:25,1
DA:27,1
DA:29,1
DA:31,1
DA:32,1
DA:34,1
DA:35,0
DA:37,0
DA:39,0
DA:40,0
DA:41,0
DA:42,0
DA:43,0
DA:44,0
DA:45,0
DA:48,1
DA:51,0
DA:56,0
DA:61,0
DA:67,0
DA:95,1
DA:98,1
LF:32
LH:19
BRDA:7,1,0,4
BRDA:7,1,1,4
BRDA:7,2,0,4
BRDA:7,2,1,0
BRDA:7,3,0,1
BRDA:7,3,1,0
BRDA:7,4,0,0
BRDA:7,4,1,1
BRDA:23,5,0,1
BRDA:23,5,1,2
BRDA:23,6,0,3
BRDA:23,6,1,3
BRDA:25,7,0,0
BRDA:25,7,1,0
BRDA:27,8,0,0
BRDA:27,8,1,0
BRDA:27,9,0,0
BRDA:27,9,1,0
BRDA:27,10,0,0
BRDA:27,10,1,0
BRDA:27,10,2,0
BRDA:29,11,0,0
BRDA:29,11,1,1
BRDA:29,12,0,1
BRDA:29,12,1,0
BRDA:29,13,0,1
BRDA:29,13,1,1
BRDA:29,14,0,1
BRDA:29,14,1,0
BRDA:29,15,0,1
BRDA:29,15,1,0
BRF:31
BRH:15
end_of_record
TN:
SF:/Users/techdojo/Projects/reactframework/app/stores/ArticleStore.jsx
FN:7,_interopRequireDefault
FN:17,ArticleStore
FN:25,triggerListeners
FN:26,(anonymous_4)
FN:30,fetchArticleList
FN:31,(anonymous_6)
FN:36,fetchArticle
FN:37,(anonymous_8)
FN:43,addArticle
FN:44,(anonymous_10)
FN:47,(anonymous_11)
FN:55,editArticle
FN:57,(anonymous_13)
FN:61,(anonymous_14)
FN:69,deleteArticle
FN:71,(anonymous_16)
FN:75,(anonymous_17)
FN:83,getArticleList
FN:87,getArticle
FN:92,articleDeletionStatus
FN:96,onChange
FN:100,removeChangeListener
FN:101,(anonymous_23)
FN:106,authCheck
FN:111,getError
FNF:25
FNH:2
FNDA:1,_interopRequireDefault
FNDA:1,ArticleStore
FNDA:0,triggerListeners
FNDA:0,(anonymous_4)
FNDA:0,fetchArticleList
FNDA:0,(anonymous_6)
FNDA:0,fetchArticle
FNDA:0,(anonymous_8)
FNDA:0,addArticle
FNDA:0,(anonymous_10)
FNDA:0,(anonymous_11)
FNDA:0,editArticle
FNDA:0,(anonymous_13)
FNDA:0,(anonymous_14)
FNDA:0,deleteArticle
FNDA:0,(anonymous_16)
FNDA:0,(anonymous_17)
FNDA:0,getArticleList
FNDA:0,getArticle
FNDA:0,articleDeletionStatus
FNDA:0,onChange
FNDA:0,removeChangeListener
FNDA:0,(anonymous_23)
FNDA:0,authCheck
FNDA:0,getError
DA:3,1
DA:5,1
DA:7,1
DA:9,1
DA:11,1
DA:12,1
DA:13,1
DA:14,1
DA:17,1
DA:19,1
DA:25,1
DA:26,0
DA:27,0
DA:30,1
DA:31,0
DA:32,0
DA:33,0
DA:36,1
DA:37,0
DA:38,0
DA:39,0
DA:43,1
DA:44,0
DA:45,0
DA:46,0
DA:48,0
DA:49,0
DA:50,0
DA:55,1
DA:57,0
DA:58,0
DA:59,0
DA:60,0
DA:62,0
DA:63,0
DA:64,0
DA:69,1
DA:71,0
DA:72,0
DA:73,0
DA:74,0
DA:76,0
DA:77,0
DA:78,0
DA:83,1
DA:84,0
DA:87,1
DA:88,0
DA:89,0
DA:92,1
DA:93,0
DA:96,1
DA:97,0
DA:100,1
DA:101,0
DA:102,0
DA:104,0
DA:106,1
DA:107,0
DA:108,0
DA:111,1
DA:112,0
DA:115,1
DA:130,1
LF:64
LH:25
BRDA:7,1,0,0
BRDA:7,1,1,1
BRDA:7,2,0,1
BRDA:7,2,1,1
BRDA:48,3,0,0
BRDA:48,3,1,0
BRDA:62,4,0,0
BRDA:62,4,1,0
BRDA:76,5,0,0
BRDA:76,5,1,0
BRF:10
BRH:3
end_of_record
TN:
SF:/Users/techdojo/Projects/reactframework/app/components/articles/Form.jsx
FN:7,(anonymous_1)
FN:7,defineProperties
FN:7,(anonymous_3)
FN:15,_interopRequireDefault
FN:17,_classCallCheck
FN:19,_possibleConstructorReturn
FN:21,_inherits
FN:23,(anonymous_8)
FN:26,Form
FN:40,handleInputTitle
FN:46,handleInputContent
FN:52,_formSubmit
FN:58,render
FNF:13
FNH:6
FNDA:1,(anonymous_1)
FNDA:1,defineProperties
FNDA:1,(anonymous_3)
FNDA:1,_interopRequireDefault
FNDA:0,_classCallCheck
FNDA:0,_possibleConstructorReturn
FNDA:1,_inherits
FNDA:1,(anonymous_8)
FNDA:0,Form
FNDA:0,handleInputTitle
FNDA:0,handleInputContent
FNDA:0,_formSubmit
FNDA:0,render
DA:3,1
DA:7,4
DA:9,1
DA:11,1
DA:13,1
DA:15,1
DA:17,1
DA:19,1
DA:21,1
DA:23,1
DA:24,1
DA:26,1
DA:27,0
DA:29,0
DA:31,0
DA:32,0
DA:33,0
DA:34,0
DA:35,0
DA:38,1
DA:41,0
DA:42,0
DA:47,0
DA:48,0
DA:53,0
DA:54,0
DA:59,0
DA:60,0
DA:84,1
DA:87,1
LF:30
LH:15
BRDA:7,1,0,4
BRDA:7,1,1,4
BRDA:7,2,0,4
BRDA:7,2,1,0
BRDA:7,3,0,1
BRDA:7,3,1,0
BRDA:7,4,0,0
BRDA:7,4,1,1
BRDA:15,5,0,0
BRDA:15,5,1,1
BRDA:15,6,0,1
BRDA:15,6,1,1
BRDA:17,7,0,0
BRDA:17,7,1,0
BRDA:19,8,0,0
BRDA:19,8,1,0
BRDA:19,9,0,0
BRDA:19,9,1,0
BRDA:19,10,0,0
BRDA:19,10,1,0
BRDA:19,10,2,0
BRDA:21,11,0,0
BRDA:21,11,1,1
BRDA:21,12,0,1
BRDA:21,12,1,0
BRDA:21,13,0,1
BRDA:21,13,1,1
BRDA:21,14,0,1
BRDA:21,14,1,0
BRDA:21,15,0,1
BRDA:21,15,1,0
BRF:31
BRH:14
end_of_record
TN:
SF:/Users/techdojo/Projects/reactframework/app/components/articles/ViewArticle.jsx
FN:7,(anonymous_1)
FN:7,defineProperties
FN:7,(anonymous_3)
FN:29,_interopRequireDefault
FN:31,_classCallCheck
FN:33,_possibleConstructorReturn
FN:35,_inherits
FN:37,getArticle
FN:41,(anonymous_9)
FN:44,ViewArticle
FN:60,componentWillMount
FN:65,componentWillUnmount
FN:70,_onChange
FN:75,deleteArticle
FN:80,render
FNF:15
FNH:6
FNDA:1,(anonymous_1)
FNDA:1,defineProperties
FNDA:1,(anonymous_3)
FNDA:4,_interopRequireDefault
FNDA:0,_classCallCheck
FNDA:0,_possibleConstructorReturn
FNDA:1,_inherits
FNDA:0,getArticle
FNDA:1,(anonymous_9)
FNDA:0,ViewArticle
FNDA:0,componentWillMount
FNDA:0,componentWillUnmount
FNDA:0,_onChange
FNDA:0,deleteArticle
FNDA:0,render
DA:3,1
DA:7,5
DA:9,1
DA:11,1
DA:13,1
DA:15,1
DA:17,1
DA:19,1
DA:21,1
DA:23,1
DA:25,1
DA:27,1
DA:29,4
DA:31,1
DA:33,1
DA:35,1
DA:37,1
DA:38,0
DA:41,1
DA:42,1
DA:44,1
DA:45,0
DA:47,0
DA:49,0
DA:50,0
DA:51,0
DA:52,0
DA:53,0
DA:54,0
DA:55,0
DA:58,1
DA:61,0
DA:66,0
DA:71,0
DA:76,0
DA:81,0
DA:86,1
DA:89,1
LF:38
LH:23
BRDA:7,1,0,5
BRDA:7,1,1,5
BRDA:7,2,0,5
BRDA:7,2,1,0
BRDA:7,3,0,1
BRDA:7,3,1,0
BRDA:7,4,0,0
BRDA:7,4,1,1
BRDA:29,5,0,1
BRDA:29,5,1,3
BRDA:29,6,0,4
BRDA:29,6,1,4
BRDA:31,7,0,0
BRDA:31,7,1,0
BRDA:33,8,0,0
BRDA:33,8,1,0
BRDA:33,9,0,0
BRDA:33,9,1,0
BRDA:33,10,0,0
BRDA:33,10,1,0
BRDA:33,10,2,0
BRDA:35,11,0,0
BRDA:35,11,1,1
BRDA:35,12,0,1
BRDA:35,12,1,0
BRDA:35,13,0,1
BRDA:35,13,1,1
BRDA:35,14,0,1
BRDA:35,14,1,0
BRDA:35,15,0,1
BRDA:35,15,1,0
BRF:31
BRH:15
end_of_record
TN:
SF:/Users/techdojo/Projects/reactframework/app/components/articles/ViewArticleChild.jsx
FN:7,(anonymous_1)
FN:7,defineProperties
FN:7,(anonymous_3)
FN:17,_interopRequireDefault
FN:19,_classCallCheck
FN:21,_possibleConstructorReturn
FN:23,_inherits
FN:25,(anonymous_8)
FN:28,ViewArticleChild
FN:40,deleteArticle
FN:45,render
FNF:11
FNH:6
FNDA:1,(anonymous_1)
FNDA:1,defineProperties
FNDA:1,(anonymous_3)
FNDA:1,_interopRequireDefault
FNDA:0,_classCallCheck
FNDA:0,_possibleConstructorReturn
FNDA:1,_inherits
FNDA:1,(anonymous_8)
FNDA:0,ViewArticleChild
FNDA:0,deleteArticle
FNDA:0,render
DA:3,1
DA:7,2
DA:9,1
DA:11,1
DA:13,1
DA:15,1
DA:17,1
DA:19,1
DA:21,1
DA:23,1
DA:25,1
DA:26,1
DA:28,1
DA:29,0
DA:31,0
DA:33,0
DA:34,0
DA:35,0
DA:38,1
DA:41,0
DA:46,0
DA:47,0
DA:99,1
DA:102,1
LF:24
LH:16
BRDA:7,1,0,2
BRDA:7,1,1,2
BRDA:7,2,0,2
BRDA:7,2,1,0
BRDA:7,3,0,1
BRDA:7,3,1,0
BRDA:7,4,0,0
BRDA:7,4,1,1
BRDA:17,5,0,0
BRDA:17,5,1,1
BRDA:17,6,0,1
BRDA:17,6,1,1
BRDA:19,7,0,0
BRDA:19,7,1,0
BRDA:21,8,0,0
BRDA:21,8,1,0
BRDA:21,9,0,0
BRDA:21,9,1,0
BRDA:21,10,0,0
BRDA:21,10,1,0
BRDA:21,10,2,0
BRDA:23,11,0,0
BRDA:23,11,1,1
BRDA:23,12,0,1
BRDA:23,12,1,0
BRDA:23,13,0,1
BRDA:23,13,1,1
BRDA:23,14,0,1
BRDA:23,14,1,0
BRDA:23,15,0,1
BRDA:23,15,1,0
BRDA:75,16,0,0
BRDA:75,16,1,0
BRF:33
BRH:14
end_of_record
TN:
SF:/Users/techdojo/Projects/reactframework/app/components/articles/ListArticles.jsx
FN:7,(anonymous_1)
FN:7,defineProperties
FN:7,(anonymous_3)
FN:27,_interopRequireDefault
FN:29,_classCallCheck
FN:31,_possibleConstructorReturn
FN:33,_inherits
FN:35,getArticleList
FN:39,(anonymous_9)
FN:42,ArticleList
FN:57,componentWillMount
FN:62,componentWillUnmount
FN:67,_onChange
FN:72,render
FNF:14
FNH:6
FNDA:1,(anonymous_1)
FNDA:1,defineProperties
FNDA:1,(anonymous_3)
FNDA:3,_interopRequireDefault
FNDA:0,_classCallCheck
FNDA:0,_possibleConstructorReturn
FNDA:1,_inherits
FNDA:0,getArticleList
FNDA:1,(anonymous_9)
FNDA:0,ArticleList
FNDA:0,componentWillMount
FNDA:0,componentWillUnmount
FNDA:0,_onChange
FNDA:0,render
DA:3,1
DA:7,4
DA:9,1
DA:11,1
DA:13,1
DA:15,1
DA:17,1
DA:19,1
DA:21,1
DA:23,1
DA:25,1
DA:27,3
DA:29,1
DA:31,1
DA:33,1
DA:35,1
DA:36,0
DA:39,1
DA:40,1
DA:42,1
DA:43,0
DA:45,0
DA:47,0
DA:48,0
DA:49,0
DA:50,0
DA:51,0
DA:52,0
DA:55,1
DA:58,0
DA:63,0
DA:68,0
DA:73,0
DA:77,1
DA:80,1
LF:35
LH:22
BRDA:7,1,0,4
BRDA:7,1,1,4
BRDA:7,2,0,4
BRDA:7,2,1,0
BRDA:7,3,0,1
BRDA:7,3,1,0
BRDA:7,4,0,0
BRDA:7,4,1,1
BRDA:27,5,0,1
BRDA:27,5,1,2
BRDA:27,6,0,3
BRDA:27,6,1,3
BRDA:29,7,0,0
BRDA:29,7,1,0
BRDA:31,8,0,0
BRDA:31,8,1,0
BRDA:31,9,0,0
BRDA:31,9,1,0
BRDA:31,10,0,0
BRDA:31,10,1,0
BRDA:31,10,2,0
BRDA:33,11,0,0
BRDA:33,11,1,1
BRDA:33,12,0,1
BRDA:33,12,1,0
BRDA:33,13,0,1
BRDA:33,13,1,1
BRDA:33,14,0,1
BRDA:33,14,1,0
BRDA:33,15,0,1
BRDA:33,15,1,0
BRF:31
BRH:15
end_of_record
TN:
SF:/Users/techdojo/Projects/reactframework/app/components/articles/ListArticlesChild.jsx
FN:7,(anonymous_1)
FN:7,defineProperties
FN:7,(anonymous_3)
FN:17,_interopRequireDefault
FN:19,_classCallCheck
FN:21,_possibleConstructorReturn
FN:23,_inherits
FN:25,(anonymous_8)
FN:28,ListArticlesChild
FN:39,render
FN:40,(anonymous_11)
FNF:11
FNH:6
FNDA:1,(anonymous_1)
FNDA:1,defineProperties
FNDA:1,(anonymous_3)
FNDA:1,_interopRequireDefault
FNDA:0,_classCallCheck
FNDA:0,_possibleConstructorReturn
FNDA:1,_inherits
FNDA:1,(anonymous_8)
FNDA:0,ListArticlesChild
FNDA:0,render
FNDA:0,(anonymous_11)
DA:3,1
DA:7,1
DA:9,1
DA:11,1
DA:13,1
DA:15,1
DA:17,1
DA:19,1
DA:21,1
DA:23,1
DA:25,1
DA:26,1
DA:28,1
DA:29,0
DA:31,0
DA:33,0
DA:34,0
DA:37,1
DA:40,0
DA:41,0
DA:57,0
DA:79,1
DA:82,1
LF:23
LH:16
BRDA:7,1,0,1
BRDA:7,1,1,1
BRDA:7,2,0,1
BRDA:7,2,1,0
BRDA:7,3,0,1
BRDA:7,3,1,0
BRDA:7,4,0,0
BRDA:7,4,1,1
BRDA:17,5,0,0
BRDA:17,5,1,1
BRDA:17,6,0,1
BRDA:17,6,1,1
BRDA:19,7,0,0
BRDA:19,7,1,0
BRDA:21,8,0,0
BRDA:21,8,1,0
BRDA:21,9,0,0
BRDA:21,9,1,0
BRDA:21,10,0,0
BRDA:21,10,1,0
BRDA:21,10,2,0
BRDA:23,11,0,0
BRDA:23,11,1,1
BRDA:23,12,0,1
BRDA:23,12,1,0
BRDA:23,13,0,1
BRDA:23,13,1,1
BRDA:23,14,0,1
BRDA:23,14,1,0
BRDA:23,15,0,1
BRDA:23,15,1,0
BRF:31
BRH:14
end_of_record
TN:
SF:/Users/techdojo/Projects/reactframework/app/components/articles/EditArticle.jsx
FN:7,(anonymous_1)
FN:7,defineProperties
FN:7,(anonymous_3)
FN:23,_interopRequireDefault
FN:25,_classCallCheck
FN:27,_possibleConstructorReturn
FN:29,_inherits
FN:31,getArticle
FN:35,(anonymous_9)
FN:38,EditArticle
FN:55,handleInputTitle
FN:60,handleInputContent
FN:65,_formSubmit
FN:70,render
FNF:14
FNH:6
FNDA:1,(anonymous_1)
FNDA:1,defineProperties
FNDA:1,(anonymous_3)
FNDA:3,_interopRequireDefault
FNDA:0,_classCallCheck
FNDA:0,_possibleConstructorReturn
FNDA:1,_inherits
FNDA:0,getArticle
FNDA:1,(anonymous_9)
FNDA:0,EditArticle
FNDA:0,handleInputTitle
FNDA:0,handleInputContent
FNDA:0,_formSubmit
FNDA:0,render
DA:3,1
DA:7,4
DA:9,1
DA:11,1
DA:13,1
DA:15,1
DA:17,1
DA:19,1
DA:21,1
DA:23,3
DA:25,1
DA:27,1
DA:29,1
DA:31,1
DA:32,0
DA:35,1
DA:36,1
DA:38,1
DA:39,0
DA:41,0
DA:43,0
DA:44,0
DA:45,0
DA:46,0
DA:47,0
DA:48,0
DA:49,0
DA:50,0
DA:53,1
DA:56,0
DA:61,0
DA:66,0
DA:71,0
DA:99,1
DA:102,1
LF:35
LH:20
BRDA:7,1,0,4
BRDA:7,1,1,4
BRDA:7,2,0,4
BRDA:7,2,1,0
BRDA:7,3,0,1
BRDA:7,3,1,0
BRDA:7,4,0,0
BRDA:7,4,1,1
BRDA:23,5,0,1
BRDA:23,5,1,2
BRDA:23,6,0,3
BRDA:23,6,1,3
BRDA:25,7,0,0
BRDA:25,7,1,0
BRDA:27,8,0,0
BRDA:27,8,1,0
BRDA:27,9,0,0
BRDA:27,9,1,0
BRDA:27,10,0,0
BRDA:27,10,1,0
BRDA:27,10,2,0
BRDA:29,11,0,0
BRDA:29,11,1,1
BRDA:29,12,0,1
BRDA:29,12,1,0
BRDA:29,13,0,1
BRDA:29,13,1,1
BRDA:29,14,0,1
BRDA:29,14,1,0
BRDA:29,15,0,1
BRDA:29,15,1,0
BRF:31
BRH:15
end_of_record
TN:
SF:/Users/techdojo/Projects/reactframework/app/components/users/Signup.jsx
FN:7,(anonymous_1)
FN:7,defineProperties
FN:7,(anonymous_3)
FN:27,_interopRequireDefault
FN:29,_classCallCheck
FN:31,_possibleConstructorReturn
FN:33,_inherits
FN:35,(anonymous_8)
FN:38,Signup
FN:59,_errorMessage
FN:64,handleInputFirstName
FN:70,handleInputLastName
FN:76,handleInputEmail
FN:82,handleInputUserName
FN:88,handleInputPassword
FN:94,formSubmit
FN:100,render
FNF:17
FNH:6
FNDA:1,(anonymous_1)
FNDA:1,defineProperties
FNDA:1,(anonymous_3)
FNDA:3,_interopRequireDefault
FNDA:0,_classCallCheck
FNDA:0,_possibleConstructorReturn
FNDA:1,_inherits
FNDA:1,(anonymous_8)
FNDA:0,Signup
FNDA:0,_errorMessage
FNDA:0,handleInputFirstName
FNDA:0,handleInputLastName
FNDA:0,handleInputEmail
FNDA:0,handleInputUserName
FNDA:0,handleInputPassword
FNDA:0,formSubmit
FNDA:0,render
DA:3,1
DA:7,8
DA:9,1
DA:11,1
DA:13,1
DA:15,1
DA:17,1
DA:19,1
DA:21,1
DA:23,1
DA:25,1
DA:27,3
DA:29,1
DA:31,1
DA:33,1
DA:35,1
DA:36,1
DA:38,1
DA:39,0
DA:41,0
DA:43,0
DA:44,0
DA:45,0
DA:46,0
DA:47,0
DA:48,0
DA:49,0
DA:50,0
DA:51,0
DA:52,0
DA:53,0
DA:54,0
DA:57,1
DA:60,0
DA:65,0
DA:66,0
DA:71,0
DA:72,0
DA:77,0
DA:78,0
DA:83,0
DA:84,0
DA:89,0
DA:90,0
DA:95,0
DA:96,0
DA:101,0
DA:114,1
DA:117,1
LF:49
LH:21
BRDA:7,1,0,8
BRDA:7,1,1,8
BRDA:7,2,0,8
BRDA:7,2,1,0
BRDA:7,3,0,1
BRDA:7,3,1,0
BRDA:7,4,0,0
BRDA:7,4,1,1
BRDA:27,5,0,1
BRDA:27,5,1,2
BRDA:27,6,0,3
BRDA:27,6,1,3
BRDA:29,7,0,0
BRDA:29,7,1,0
BRDA:31,8,0,0
BRDA:31,8,1,0
BRDA:31,9,0,0
BRDA:31,9,1,0
BRDA:31,10,0,0
BRDA:31,10,1,0
BRDA:31,10,2,0
BRDA:33,11,0,0
BRDA:33,11,1,1
BRDA:33,12,0,1
BRDA:33,12,1,0
BRDA:33,13,0,1
BRDA:33,13,1,1
BRDA:33,14,0,1
BRDA:33,14,1,0
BRDA:33,15,0,1
BRDA:33,15,1,0
BRF:31
BRH:15
end_of_record
TN:
SF:/Users/techdojo/Projects/reactframework/app/components/users/SignupChild.jsx
FN:7,(anonymous_1)
FN:7,defineProperties
FN:7,(anonymous_3)
FN:23,_interopRequireDefault
FN:25,_classCallCheck
FN:27,_possibleConstructorReturn
FN:29,_inherits
FN:31,(anonymous_8)
FN:34,SignupChild
FN:55,validateEmail
FN:61,handleInputFirstName
FN:68,handleInputLastName
FN:75,handleInputEmail
FN:82,handleInputUserName
FN:89,handleInputPassword
FN:101,formSubmit
FN:120,render
FNF:17
FNH:6
FNDA:1,(anonymous_1)
FNDA:1,defineProperties
FNDA:1,(anonymous_3)
FNDA:2,_interopRequireDefault
FNDA:0,_classCallCheck
FNDA:0,_possibleConstructorReturn
FNDA:1,_inherits
FNDA:1,(anonymous_8)
FNDA:0,SignupChild
FNDA:0,validateEmail
FNDA:0,handleInputFirstName
FNDA:0,handleInputLastName
FNDA:0,handleInputEmail
FNDA:0,handleInputUserName
FNDA:0,handleInputPassword
FNDA:0,formSubmit
FNDA:0,render
DA:3,1
DA:7,8
DA:9,1
DA:11,1
DA:13,1
DA:15,1
DA:17,1
DA:19,1
DA:21,1
DA:23,2
DA:25,1
DA:27,1
DA:29,1
DA:31,1
DA:32,1
DA:34,1
DA:35,0
DA:37,0
DA:39,0
DA:40,0
DA:41,0
DA:42,0
DA:43,0
DA:44,0
DA:45,0
DA:46,0
DA:47,0
DA:48,0
DA:49,0
DA:50,0
DA:53,1
DA:56,0
DA:57,0
DA:62,0
DA:63,0
DA:64,0
DA:69,0
DA:70,0
DA:71,0
DA:76,0
DA:77,0
DA:78,0
DA:83,0
DA:84,0
DA:85,0
DA:90,0
DA:91,0
DA:93,0
DA:94,0
DA:97,0
DA:102,0
DA:104,0
DA:105,0
DA:106,0
DA:107,0
DA:108,0
DA:109,0
DA:110,0
DA:111,0
DA:112,0
DA:113,0
DA:115,0
DA:121,0
DA:201,1
DA:204,1
LF:65
LH:19
BRDA:7,1,0,8
BRDA:7,1,1,8
BRDA:7,2,0,8
BRDA:7,2,1,0
BRDA:7,3,0,1
BRDA:7,3,1,0
BRDA:7,4,0,0
BRDA:7,4,1,1
BRDA:23,5,0,0
BRDA:23,5,1,2
BRDA:23,6,0,2
BRDA:23,6,1,2
BRDA:25,7,0,0
BRDA:25,7,1,0
BRDA:27,8,0,0
BRDA:27,8,1,0
BRDA:27,9,0,0
BRDA:27,9,1,0
BRDA:27,10,0,0
BRDA:27,10,1,0
BRDA:27,10,2,0
BRDA:29,11,0,0
BRDA:29,11,1,1
BRDA:29,12,0,1
BRDA:29,12,1,0
BRDA:29,13,0,1
BRDA:29,13,1,1
BRDA:29,14,0,1
BRDA:29,14,1,0
BRDA:29,15,0,1
BRDA:29,15,1,0
BRDA:62,16,0,0
BRDA:62,16,1,0
BRDA:69,17,0,0
BRDA:69,17,1,0
BRDA:83,18,0,0
BRDA:83,18,1,0
BRDA:90,19,0,0
BRDA:90,19,1,0
BRDA:104,20,0,0
BRDA:104,20,1,0
BRDA:106,21,0,0
BRDA:106,21,1,0
BRDA:108,22,0,0
BRDA:108,22,1,0
BRDA:110,23,0,0
BRDA:110,23,1,0
BRDA:112,24,0,0
BRDA:112,24,1,0
BRF:49
BRH:14
end_of_record
TN:
SF:/Users/techdojo/Projects/reactframework/app/components/users/Signin.jsx
FN:7,(anonymous_1)
FN:7,defineProperties
FN:7,(anonymous_3)
FN:31,_interopRequireDefault
FN:33,_classCallCheck
FN:35,_possibleConstructorReturn
FN:37,_inherits
FN:39,getError
FN:43,(anonymous_9)
FN:46,Signin
FN:67,componentWillMount
FN:72,componentWillUnmount
FN:77,_onChange
FN:82,_errorMessage
FN:87,_handleEmailChange
FN:93,_handlePasswordChange
FN:99,_formSubmit
FN:103,(anonymous_18)
FN:109,render
FNF:19
FNH:6
FNDA:1,(anonymous_1)
FNDA:1,defineProperties
FNDA:1,(anonymous_3)
FNDA:4,_interopRequireDefault
FNDA:0,_classCallCheck
FNDA:0,_possibleConstructorReturn
FNDA:1,_inherits
FNDA:0,getError
FNDA:1,(anonymous_9)
FNDA:0,Signin
FNDA:0,componentWillMount
FNDA:0,componentWillUnmount
FNDA:0,_onChange
FNDA:0,_errorMessage
FNDA:0,_handleEmailChange
FNDA:0,_handlePasswordChange
FNDA:0,_formSubmit
FNDA:0,(anonymous_18)
FNDA:0,render
DA:3,1
DA:7,8
DA:9,1
DA:11,1
DA:13,1
DA:15,1
DA:17,1
DA:19,1
DA:21,1
DA:23,1
DA:25,1
DA:27,1
DA:29,1
DA:31,4
DA:33,1
DA:35,1
DA:37,1
DA:39,1
DA:40,0
DA:43,1
DA:44,1
DA:46,1
DA:47,0
DA:49,0
DA:51,0
DA:52,0
DA:53,0
DA:54,0
DA:55,0
DA:56,0
DA:57,0
DA:58,0
DA:59,0
DA:60,0
DA:61,0
DA:62,0
DA:65,1
DA:68,0
DA:73,0
DA:78,0
DA:83,0
DA:88,0
DA:89,0
DA:94,0
DA:95,0
DA:100,0
DA:102,0
DA:103,0
DA:104,0
DA:110,0
DA:121,1
DA:124,1
LF:52
LH:24
BRDA:7,1,0,8
BRDA:7,1,1,8
BRDA:7,2,0,8
BRDA:7,2,1,0
BRDA:7,3,0,1
BRDA:7,3,1,0
BRDA:7,4,0,0
BRDA:7,4,1,1
BRDA:31,5,0,1
BRDA:31,5,1,3
BRDA:31,6,0,4
BRDA:31,6,1,4
BRDA:33,7,0,0
BRDA:33,7,1,0
BRDA:35,8,0,0
BRDA:35,8,1,0
BRDA:35,9,0,0
BRDA:35,9,1,0
BRDA:35,10,0,0
BRDA:35,10,1,0
BRDA:35,10,2,0
BRDA:37,11,0,0
BRDA:37,11,1,1
BRDA:37,12,0,1
BRDA:37,12,1,0
BRDA:37,13,0,1
BRDA:37,13,1,1
BRDA:37,14,0,1
BRDA:37,14,1,0
BRDA:37,15,0,1
BRDA:37,15,1,0
BRDA:56,16,0,0
BRDA:56,16,1,0
BRDA:104,17,0,0
BRDA:104,17,1,0
BRF:35
BRH:15
end_of_record
TN:
SF:/Users/techdojo/Projects/reactframework/app/components/users/SigninChild.jsx
FN:7,(anonymous_1)
FN:7,defineProperties
FN:7,(anonymous_3)
FN:23,_interopRequireDefault
FN:25,_classCallCheck
FN:27,_possibleConstructorReturn
FN:29,_inherits
FN:31,(anonymous_8)
FN:34,SigninChild
FN:50,handleKeyDown
FN:59,validateEmail
FN:65,_handleEmailChange
FN:72,_handlePasswordChange
FN:84,_formSubmit
FN:102,render
FNF:15
FNH:6
FNDA:1,(anonymous_1)
FNDA:1,defineProperties
FNDA:1,(anonymous_3)
FNDA:2,_interopRequireDefault
FNDA:0,_classCallCheck
FNDA:0,_possibleConstructorReturn
FNDA:1,_inherits
FNDA:1,(anonymous_8)
FNDA:0,SigninChild
FNDA:0,handleKeyDown
FNDA:0,validateEmail
FNDA:0,_handleEmailChange
FNDA:0,_handlePasswordChange
FNDA:0,_formSubmit
FNDA:0,render
DA:3,1
DA:7,6
DA:9,1
DA:11,1
DA:13,1
DA:15,1
DA:17,1
DA:19,1
DA:21,1
DA:23,2
DA:25,1
DA:27,1
DA:29,1
DA:31,1
DA:32,1
DA:34,1
DA:35,0
DA:37,0
DA:39,0
DA:40,0
DA:41,0
DA:42,0
DA:43,0
DA:44,0
DA:45,0
DA:48,1
DA:52,0
DA:53,0
DA:54,0
DA:60,0
DA:61,0
DA:66,0
DA:67,0
DA:68,0
DA:73,0
DA:74,0
DA:75,0
DA:77,0
DA:80,0
DA:85,0
DA:87,0
DA:88,0
DA:89,0
DA:90,0
DA:91,0
DA:93,0
DA:96,0
DA:97,0
DA:103,0
DA:163,1
DA:166,1
LF:51
LH:19
BRDA:7,1,0,6
BRDA:7,1,1,6
BRDA:7,2,0,6
BRDA:7,2,1,0
BRDA:7,3,0,1
BRDA:7,3,1,0
BRDA:7,4,0,0
BRDA:7,4,1,1
BRDA:23,5,0,0
BRDA:23,5,1,2
BRDA:23,6,0,2
BRDA:23,6,1,2
BRDA:25,7,0,0
BRDA:25,7,1,0
BRDA:27,8,0,0
BRDA:27,8,1,0
BRDA:27,9,0,0
BRDA:27,9,1,0
BRDA:27,10,0,0
BRDA:27,10,1,0
BRDA:27,10,2,0
BRDA:29,11,0,0
BRDA:29,11,1,1
BRDA:29,12,0,1
BRDA:29,12,1,0
BRDA:29,13,0,1
BRDA:29,13,1,1
BRDA:29,14,0,1
BRDA:29,14,1,0
BRDA:29,15,0,1
BRDA:29,15,1,0
BRDA:52,16,0,0
BRDA:52,16,1,0
BRDA:74,17,0,0
BRDA:74,17,1,0
BRDA:87,18,0,0
BRDA:87,18,1,0
BRDA:89,19,0,0
BRDA:89,19,1,0
BRDA:90,20,0,0
BRDA:90,20,1,0
BRF:41
BRH:14
end_of_record
TN:
SF:/Users/techdojo/Projects/reactframework/app/components/users/SignOut.jsx
FN:7,(anonymous_1)
FN:7,defineProperties
FN:7,(anonymous_3)
FN:19,_interopRequireDefault
FN:21,_classCallCheck
FN:23,_possibleConstructorReturn
FN:25,_inherits
FN:27,(anonymous_8)
FN:30,SignOut
FN:38,componentDidMount
FN:43,render
FNF:11
FNH:6
FNDA:1,(anonymous_1)
FNDA:1,defineProperties
FNDA:1,(anonymous_3)
FNDA:2,_interopRequireDefault
FNDA:0,_classCallCheck
FNDA:0,_possibleConstructorReturn
FNDA:1,_inherits
FNDA:1,(anonymous_8)
FNDA:0,SignOut
FNDA:0,componentDidMount
FNDA:0,render
DA:3,1
DA:7,2
DA:9,1
DA:11,1
DA:13,1
DA:15,1
DA:17,1
DA:19,2
DA:21,1
DA:23,1
DA:25,1
DA:27,1
DA:28,1
DA:30,1
DA:31,0
DA:33,0
DA:36,1
DA:39,0
DA:44,0
DA:66,1
DA:69,1
LF:21
LH:17
BRDA:7,1,0,2
BRDA:7,1,1,2
BRDA:7,2,0,2
BRDA:7,2,1,0
BRDA:7,3,0,1
BRDA:7,3,1,0
BRDA:7,4,0,0
BRDA:7,4,1,1
BRDA:19,5,0,0
BRDA:19,5,1,2
BRDA:19,6,0,2
BRDA:19,6,1,2
BRDA:21,7,0,0
BRDA:21,7,1,0
BRDA:23,8,0,0
BRDA:23,8,1,0
BRDA:23,9,0,0
BRDA:23,9,1,0
BRDA:23,10,0,0
BRDA:23,10,1,0
BRDA:23,10,2,0
BRDA:25,11,0,0
BRDA:25,11,1,1
BRDA:25,12,0,1
BRDA:25,12,1,0
BRDA:25,13,0,1
BRDA:25,13,1,1
BRDA:25,14,0,1
BRDA:25,14,1,0
BRDA:25,15,0,1
BRDA:25,15,1,0
BRF:31
BRH:14
end_of_record
TN:
SF:/Users/techdojo/Projects/reactframework/app/components/users/EditUserProfile.jsx
FN:7,(anonymous_1)
FN:7,defineProperties
FN:7,(anonymous_3)
FN:23,_interopRequireDefault
FN:25,_classCallCheck
FN:27,_possibleConstructorReturn
FN:29,_inherits
FN:31,getUser
FN:35,profileUpdateMsg
FN:39,(anonymous_10)
FN:42,EditUserProfile
FN:69,handleInputEditFirstName
FN:75,handleInputEditLastName
FN:81,handleInputEditEmail
FN:87,handleInputEditUserName
FN:93,handleInputPassword
FN:99,_errorMessage
FN:104,formSubmit
FN:109,componentWillMount
FN:115,componentWillUnmount
FN:121,onProfileUpdate
FN:126,_onChange
FN:131,render
FNF:23
FNH:6
FNDA:1,(anonymous_1)
FNDA:1,defineProperties
FNDA:1,(anonymous_3)
FNDA:3,_interopRequireDefault
FNDA:0,_classCallCheck
FNDA:0,_possibleConstructorReturn
FNDA:1,_inherits
FNDA:0,getUser
FNDA:0,profileUpdateMsg
FNDA:1,(anonymous_10)
FNDA:0,EditUserProfile
FNDA:0,handleInputEditFirstName
FNDA:0,handleInputEditLastName
FNDA:0,handleInputEditEmail
FNDA:0,handleInputEditUserName
FNDA:0,handleInputPassword
FNDA:0,_errorMessage
FNDA:0,formSubmit
FNDA:0,componentWillMount
FNDA:0,componentWillUnmount
FNDA:0,onProfileUpdate
FNDA:0,_onChange
FNDA:0,render
DA:3,1
DA:7,12
DA:9,1
DA:11,1
DA:13,1
DA:15,1
DA:17,1
DA:19,1
DA:21,1
DA:23,3
DA:25,1
DA:27,1
DA:29,1
DA:31,1
DA:32,0
DA:35,1
DA:36,0
DA:39,1
DA:40,1
DA:42,1
DA:43,0
DA:45,0
DA:47,0
DA:48,0
DA:49,0
DA:50,0
DA:51,0
DA:52,0
DA:53,0
DA:54,0
DA:55,0
DA:56,0
DA:57,0
DA:58,0
DA:59,0
DA:60,0
DA:61,0
DA:62,0
DA:63,0
DA:64,0
DA:67,1
DA:70,0
DA:71,0
DA:76,0
DA:77,0
DA:82,0
DA:83,0
DA:88,0
DA:89,0
DA:94,0
DA:95,0
DA:100,0
DA:105,0
DA:110,0
DA:111,0
DA:116,0
DA:117,0
DA:122,0
DA:127,0
DA:132,0
DA:146,1
DA:149,1
LF:62
LH:21
BRDA:7,1,0,12
BRDA:7,1,1,12
BRDA:7,2,0,12
BRDA:7,2,1,0
BRDA:7,3,0,1
BRDA:7,3,1,0
BRDA:7,4,0,0
BRDA:7,4,1,1
BRDA:23,5,0,1
BRDA:23,5,1,2
BRDA:23,6,0,3
BRDA:23,6,1,3
BRDA:25,7,0,0
BRDA:25,7,1,0
BRDA:27,8,0,0
BRDA:27,8,1,0
BRDA:27,9,0,0
BRDA:27,9,1,0
BRDA:27,10,0,0
BRDA:27,10,1,0
BRDA:27,10,2,0
BRDA:29,11,0,0
BRDA:29,11,1,1
BRDA:29,12,0,1
BRDA:29,12,1,0
BRDA:29,13,0,1
BRDA:29,13,1,1
BRDA:29,14,0,1
BRDA:29,14,1,0
BRDA:29,15,0,1
BRDA:29,15,1,0
BRF:31
BRH:15
end_of_record
TN:
SF:/Users/techdojo/Projects/reactframework/app/components/users/EditUserProfileChild.jsx
FN:7,(anonymous_1)
FN:7,defineProperties
FN:7,(anonymous_3)
FN:19,_interopRequireDefault
FN:21,_classCallCheck
FN:23,_possibleConstructorReturn
FN:25,_inherits
FN:27,(anonymous_8)
FN:30,EditUserProfileChild
FN:51,validateEmail
FN:58,handleInputEditFirstName
FN:65,handleInputEditLastName
FN:72,handleInputEditEmail
FN:79,handleInputEditUserName
FN:86,handleInputPassword
FN:99,formSubmit
FN:117,render
FNF:17
FNH:6
FNDA:1,(anonymous_1)
FNDA:1,defineProperties
FNDA:1,(anonymous_3)
FNDA:2,_interopRequireDefault
FNDA:0,_classCallCheck
FNDA:0,_possibleConstructorReturn
FNDA:1,_inherits
FNDA:1,(anonymous_8)
FNDA:0,EditUserProfileChild
FNDA:0,validateEmail
FNDA:0,handleInputEditFirstName
FNDA:0,handleInputEditLastName
FNDA:0,handleInputEditEmail
FNDA:0,handleInputEditUserName
FNDA:0,handleInputPassword
FNDA:0,formSubmit
FNDA:0,render
DA:3,1
DA:7,8
DA:9,1
DA:11,1
DA:13,1
DA:15,1
DA:17,1
DA:19,2
DA:21,1
DA:23,1
DA:25,1
DA:27,1
DA:28,1
DA:30,1
DA:31,0
DA:33,0
DA:35,0
DA:36,0
DA:37,0
DA:38,0
DA:39,0
DA:40,0
DA:41,0
DA:42,0
DA:43,0
DA:44,0
DA:45,0
DA:46,0
DA:49,1
DA:52,0
DA:53,0
DA:54,0
DA:59,0
DA:60,0
DA:61,0
DA:66,0
DA:67,0
DA:68,0
DA:73,0
DA:74,0
DA:75,0
DA:80,0
DA:81,0
DA:82,0
DA:87,0
DA:88,0
DA:89,0
DA:91,0
DA:92,0
DA:95,0
DA:100,0
DA:101,0
DA:102,0
DA:103,0
DA:104,0
DA:105,0
DA:106,0
DA:107,0
DA:108,0
DA:109,0
DA:110,0
DA:112,0
DA:118,0
DA:119,0
DA:172,1
DA:175,1
LF:66
LH:17
BRDA:7,1,0,8
BRDA:7,1,1,8
BRDA:7,2,0,8
BRDA:7,2,1,0
BRDA:7,3,0,1
BRDA:7,3,1,0
BRDA:7,4,0,0
BRDA:7,4,1,1
BRDA:19,5,0,0
BRDA:19,5,1,2
BRDA:19,6,0,2
BRDA:19,6,1,2
BRDA:21,7,0,0
BRDA:21,7,1,0
BRDA:23,8,0,0
BRDA:23,8,1,0
BRDA:23,9,0,0
BRDA:23,9,1,0
BRDA:23,10,0,0
BRDA:23,10,1,0
BRDA:23,10,2,0
BRDA:25,11,0,0
BRDA:25,11,1,1
BRDA:25,12,0,1
BRDA:25,12,1,0
BRDA:25,13,0,1
BRDA:25,13,1,1
BRDA:25,14,0,1
BRDA:25,14,1,0
BRDA:25,15,0,1
BRDA:25,15,1,0
BRDA:59,16,0,0
BRDA:59,16,1,0
BRDA:66,17,0,0
BRDA:66,17,1,0
BRDA:80,18,0,0
BRDA:80,18,1,0
BRDA:87,19,0,0
BRDA:87,19,1,0
BRDA:101,20,0,0
BRDA:101,20,1,0
BRDA:103,21,0,0
BRDA:103,21,1,0
BRDA:105,22,0,0
BRDA:105,22,1,0
BRDA:107,23,0,0
BRDA:107,23,1,0
BRDA:109,24,0,0
BRDA:109,24,1,0
BRF:49
BRH:14
end_of_record
TN:
SF:/Users/techdojo/Projects/reactframework/server/models/Article.js
FNF:0
FNH:0
DA:3,1
DA:4,1
DA:5,1
DA:33,1
DA:34,1
LF:5
LH:5
BRF:0
BRH:0
end_of_record
TN:
SF:/Users/techdojo/Projects/reactframework/server/models/User.js
FN:14,validateLocalStrategyProperty
FN:21,validateLocalStrategyPassword
FN:121,(anonymous_3)
FN:133,(anonymous_4)
FN:144,(anonymous_5)
FNF:5
FNH:0
FNDA:0,validateLocalStrategyProperty
FNDA:0,validateLocalStrategyPassword
FNDA:0,(anonymous_3)
FNDA:0,(anonymous_4)
FNDA:0,(anonymous_5)
DA:7,1
DA:14,1
DA:15,0
DA:21,1
DA:22,0
DA:28,1
DA:121,1
DA:122,0
DA:123,0
DA:124,0
DA:127,0
DA:133,1
DA:134,0
DA:135,0
DA:137,0
DA:144,1
DA:145,0
DA:148,1
DA:149,1
LF:19
LH:9
BRDA:15,1,0,0
BRDA:15,1,1,0
BRDA:15,1,2,0
BRDA:22,2,0,0
BRDA:22,2,1,0
BRDA:22,2,2,0
BRDA:122,3,0,0
BRDA:122,3,1,0
BRDA:122,4,0,0
BRDA:122,4,1,0
BRDA:134,5,0,0
BRDA:134,5,1,0
BRDA:134,6,0,0
BRDA:134,6,1,0
BRF:14
BRH:0
end_of_record
TN:
SF:/Users/techdojo/Projects/reactframework/server/routes/article.server.routes.js
FN:3,(anonymous_1)
FNF:1
FNH:0
FNDA:0,(anonymous_1)
DA:3,1
DA:5,0
DA:6,0
DA:8,0
DA:10,0
DA:12,0
DA:14,0
LF:7
LH:1
BRF:0
BRH:0
end_of_record
